-------------------------------------------------------------------------------
Test set: conduitApp.ConduitTest
-------------------------------------------------------------------------------
Tests run: 1, Failures: 1, Errors: 0, Skipped: 0, Time elapsed: 12.188 s <<< FAILURE! - in conduitApp.ConduitTest
conduitApp.ConduitTest.testParallel  Time elapsed: 12.144 s  <<< FAILURE!
org.opentest4j.AssertionFailedError: 
status code was: 422, expected: 201, response time in milliseconds: 589, url: https://api.realworld.io/api/articles, response: 
{"errors":{"title":["must be unique"]}}
classpath:conduitApp/feature/Articles.feature:19
match failed: EQUALS
  $ | not equal | match failed for name: 'articlesCount' (MAP:MAP)
  {"articles":[{"slug":"Bennard-Brune-31806","title":"Bennard Brune","description":"Qohor","body":"There are no heroes...in life, the monsters win.","tagList":[],"createdAt":"2024-07-18T03:28:31.991Z","updatedAt":"2024-07-18T03:28:31.991Z","favorited":false,"favoritesCount":0,"author":{"username":"karatetest999","bio":null,"image":"https://api.realworld.io/images/smiley-cyrus.jpeg","following":false}},{"slug":"Iggo-31806","title":"Iggo","description":"Samyrian","body":"Knowledge could be more valuable than gold, more deadly than a dagger.","tagList":[],"createdAt":"2024-07-18T03:27:36.236Z","updatedAt":"2024-07-18T03:27:36.236Z","favorited":false,"favoritesCount":0,"author":{"username":"karatetest999","bio":null,"image":"https://api.realworld.io/images/smiley-cyrus.jpeg","following":false}},{"slug":"Lythene-Frey-31806","title":"Lythene Frey","description":"Braavos","body":"When the snows fall and the white winds blow, the lone wolf dies but the pack survives.","tagList":[],"createdAt":"2024-07-18T03:23:28.687Z","updatedAt":"2024-07-18T03:23:28.687Z","favorited":false,"favoritesCount":0,"author":{"username":"karatetest999","bio":null,"image":"https://api.realworld.io/images/smiley-cyrus.jpeg","following":false}},{"slug":"Eleanor-Mooton-31806","title":"Eleanor Mooton","description":"Old Valyria","body":"There are no heroes...in life, the monsters win.","tagList":[],"createdAt":"2024-07-18T03:20:31.260Z","updatedAt":"2024-07-18T03:20:31.260Z","favorited":false,"favoritesCount":0,"author":{"username":"karatetest999","bio":null,"image":"https://api.realworld.io/images/smiley-cyrus.jpeg","following":false}},{"slug":"Rawney-31806","title":"Rawney","description":"Myr","body":"Summer will end soon enough, and childhood as well.","tagList":[],"createdAt":"2024-07-18T03:18:47.386Z","updatedAt":"2024-07-18T03:18:47.386Z","favorited":true,"favoritesCount":1,"author":{"username":"karatetest999","bio":null,"image":"https://api.realworld.io/images/smiley-cyrus.jpeg","following":false}},{"slug":"Gyldayn-31806","title":"Gyldayn","description":"Norvos","body":"When you play a game of thrones you win or you die.","tagList":[],"createdAt":"2024-07-18T03:18:47.385Z","updatedAt":"2024-07-18T03:18:47.385Z","favorited":false,"favoritesCount":0,"author":{"username":"karatetest999","bio":null,"image":"https://api.realworld.io/images/smiley-cyrus.jpeg","following":false}},{"slug":"Wulfe-31806","title":"Wulfe","description":"Braavos","body":"All dwarfs are bastards in their father's eyes","tagList":[],"createdAt":"2024-07-18T03:14:25.162Z","updatedAt":"2024-07-18T03:14:25.162Z","favorited":true,"favoritesCount":1,"author":{"username":"karatetest999","bio":null,"image":"https://api.realworld.io/images/smiley-cyrus.jpeg","following":false}},{"slug":"Wallen-31806","title":"Wallen","description":"Tyria","body":"Power is a curious thing. Who lives, Who dies. Power resides where men believe it resides. It is a trick, A shadow on the wall.","tagList":[],"createdAt":"2024-07-18T03:14:25.145Z","updatedAt":"2024-07-18T03:14:25.145Z","favorited":false,"favoritesCount":0,"author":{"username":"karatetest999","bio":null,"image":"https://api.realworld.io/images/smiley-cyrus.jpeg","following":false}},{"slug":"Hake-31806","title":"Hake","description":"Oros","body":"Laughter is poison to fear.","tagList":[],"createdAt":"2024-07-18T02:38:02.866Z","updatedAt":"2024-07-18T02:38:02.866Z","favorited":false,"favoritesCount":0,"author":{"username":"karatetest999","bio":null,"image":"https://api.realworld.io/images/smiley-cyrus.jpeg","following":false}},{"slug":"Terrence-Kenning-31806","title":"Terrence Kenning","description":"Lannisport","body":"Give me honorable enemies rather than ambitious ones, and I'll sleep more easily by night.","tagList":[],"createdAt":"2024-07-18T02:38:02.837Z","updatedAt":"2024-07-18T02:38:02.837Z","favorited":false,"favoritesCount":0,"author":{"username":"karatetest999","bio":null,"image":"https://api.realworld.io/images/smiley-cyrus.jpeg","following":false}}],"articlesCount":338}
  {"articles":"#[10]","articlesCount":330}

    $.articlesCount | not equal (NUMBER:NUMBER)
    338
    330

classpath:conduitApp/feature/HomePage.feature:24
status code was: 404, expected: 200, response time in milliseconds: 788, url: https://api.realworld.io/api/articles/Bennard-Brune-31806, response: 
{"errors":{"article":["not found"]}}
classpath:conduitApp/feature/HomeWork.feature:60 ==> expected: <true> but was: <false>
	at org.junit.jupiter.api.AssertionFailureBuilder.build(AssertionFailureBuilder.java:151)
	at org.junit.jupiter.api.AssertionFailureBuilder.buildAndThrow(AssertionFailureBuilder.java:132)
	at org.junit.jupiter.api.AssertTrue.failNotTrue(AssertTrue.java:63)
	at org.junit.jupiter.api.AssertTrue.assertTrue(AssertTrue.java:36)
	at org.junit.jupiter.api.Assertions.assertTrue(Assertions.java:211)
	at conduitApp.ConduitTest.testParallel(ConduitTest.java:23)
	at java.base/jdk.internal.reflect.DirectMethodHandleAccessor.invoke(DirectMethodHandleAccessor.java:103)
	at java.base/java.lang.reflect.Method.invoke(Method.java:580)
	at org.junit.platform.commons.util.ReflectionUtils.invokeMethod(ReflectionUtils.java:727)
	at org.junit.jupiter.engine.execution.MethodInvocation.proceed(MethodInvocation.java:60)
	at org.junit.jupiter.engine.execution.InvocationInterceptorChain$ValidatingInvocation.proceed(InvocationInterceptorChain.java:131)
	at org.junit.jupiter.engine.extension.TimeoutExtension.intercept(TimeoutExtension.java:156)
	at org.junit.jupiter.engine.extension.TimeoutExtension.interceptTestableMethod(TimeoutExtension.java:147)
	at org.junit.jupiter.engine.extension.TimeoutExtension.interceptTestMethod(TimeoutExtension.java:86)
	at org.junit.jupiter.engine.execution.InterceptingExecutableInvoker$ReflectiveInterceptorCall.lambda$ofVoidMethod$0(InterceptingExecutableInvoker.java:103)
	at org.junit.jupiter.engine.execution.InterceptingExecutableInvoker.lambda$invoke$0(InterceptingExecutableInvoker.java:93)
	at org.junit.jupiter.engine.execution.InvocationInterceptorChain$InterceptedInvocation.proceed(InvocationInterceptorChain.java:106)
	at org.junit.jupiter.engine.execution.InvocationInterceptorChain.proceed(InvocationInterceptorChain.java:64)
	at org.junit.jupiter.engine.execution.InvocationInterceptorChain.chainAndInvoke(InvocationInterceptorChain.java:45)
	at org.junit.jupiter.engine.execution.InvocationInterceptorChain.invoke(InvocationInterceptorChain.java:37)
	at org.junit.jupiter.engine.execution.InterceptingExecutableInvoker.invoke(InterceptingExecutableInvoker.java:92)
	at org.junit.jupiter.engine.execution.InterceptingExecutableInvoker.invoke(InterceptingExecutableInvoker.java:86)
	at org.junit.jupiter.engine.descriptor.TestMethodTestDescriptor.lambda$invokeTestMethod$7(TestMethodTestDescriptor.java:217)
	at org.junit.platform.engine.support.hierarchical.ThrowableCollector.execute(ThrowableCollector.java:73)
	at org.junit.jupiter.engine.descriptor.TestMethodTestDescriptor.invokeTestMethod(TestMethodTestDescriptor.java:213)
	at org.junit.jupiter.engine.descriptor.TestMethodTestDescriptor.execute(TestMethodTestDescriptor.java:138)
	at org.junit.jupiter.engine.descriptor.TestMethodTestDescriptor.execute(TestMethodTestDescriptor.java:68)
	at org.junit.platform.engine.support.hierarchical.NodeTestTask.lambda$executeRecursively$6(NodeTestTask.java:151)
	at org.junit.platform.engine.support.hierarchical.ThrowableCollector.execute(ThrowableCollector.java:73)
	at org.junit.platform.engine.support.hierarchical.NodeTestTask.lambda$executeRecursively$8(NodeTestTask.java:141)
	at org.junit.platform.engine.support.hierarchical.Node.around(Node.java:137)
	at org.junit.platform.engine.support.hierarchical.NodeTestTask.lambda$executeRecursively$9(NodeTestTask.java:139)
	at org.junit.platform.engine.support.hierarchical.ThrowableCollector.execute(ThrowableCollector.java:73)
	at org.junit.platform.engine.support.hierarchical.NodeTestTask.executeRecursively(NodeTestTask.java:138)
	at org.junit.platform.engine.support.hierarchical.NodeTestTask.execute(NodeTestTask.java:95)
	at java.base/java.util.ArrayList.forEach(ArrayList.java:1596)
	at org.junit.platform.engine.support.hierarchical.SameThreadHierarchicalTestExecutorService.invokeAll(SameThreadHierarchicalTestExecutorService.java:41)
	at org.junit.platform.engine.support.hierarchical.NodeTestTask.lambda$executeRecursively$6(NodeTestTask.java:155)
	at org.junit.platform.engine.support.hierarchical.ThrowableCollector.execute(ThrowableCollector.java:73)
	at org.junit.platform.engine.support.hierarchical.NodeTestTask.lambda$executeRecursively$8(NodeTestTask.java:141)
	at org.junit.platform.engine.support.hierarchical.Node.around(Node.java:137)
	at org.junit.platform.engine.support.hierarchical.NodeTestTask.lambda$executeRecursively$9(NodeTestTask.java:139)
	at org.junit.platform.engine.support.hierarchical.ThrowableCollector.execute(ThrowableCollector.java:73)
	at org.junit.platform.engine.support.hierarchical.NodeTestTask.executeRecursively(NodeTestTask.java:138)
	at org.junit.platform.engine.support.hierarchical.NodeTestTask.execute(NodeTestTask.java:95)
	at java.base/java.util.ArrayList.forEach(ArrayList.java:1596)
	at org.junit.platform.engine.support.hierarchical.SameThreadHierarchicalTestExecutorService.invokeAll(SameThreadHierarchicalTestExecutorService.java:41)
	at org.junit.platform.engine.support.hierarchical.NodeTestTask.lambda$executeRecursively$6(NodeTestTask.java:155)
	at org.junit.platform.engine.support.hierarchical.ThrowableCollector.execute(ThrowableCollector.java:73)
	at org.junit.platform.engine.support.hierarchical.NodeTestTask.lambda$executeRecursively$8(NodeTestTask.java:141)
	at org.junit.platform.engine.support.hierarchical.Node.around(Node.java:137)
	at org.junit.platform.engine.support.hierarchical.NodeTestTask.lambda$executeRecursively$9(NodeTestTask.java:139)
	at org.junit.platform.engine.support.hierarchical.ThrowableCollector.execute(ThrowableCollector.java:73)
	at org.junit.platform.engine.support.hierarchical.NodeTestTask.executeRecursively(NodeTestTask.java:138)
	at org.junit.platform.engine.support.hierarchical.NodeTestTask.execute(NodeTestTask.java:95)
	at org.junit.platform.engine.support.hierarchical.SameThreadHierarchicalTestExecutorService.submit(SameThreadHierarchicalTestExecutorService.java:35)
	at org.junit.platform.engine.support.hierarchical.HierarchicalTestExecutor.execute(HierarchicalTestExecutor.java:57)
	at org.junit.platform.engine.support.hierarchical.HierarchicalTestEngine.execute(HierarchicalTestEngine.java:54)
	at org.junit.platform.launcher.core.EngineExecutionOrchestrator.execute(EngineExecutionOrchestrator.java:147)
	at org.junit.platform.launcher.core.EngineExecutionOrchestrator.execute(EngineExecutionOrchestrator.java:127)
	at org.junit.platform.launcher.core.EngineExecutionOrchestrator.execute(EngineExecutionOrchestrator.java:90)
	at org.junit.platform.launcher.core.EngineExecutionOrchestrator.lambda$execute$0(EngineExecutionOrchestrator.java:55)
	at org.junit.platform.launcher.core.EngineExecutionOrchestrator.withInterceptedStreams(EngineExecutionOrchestrator.java:102)
	at org.junit.platform.launcher.core.EngineExecutionOrchestrator.execute(EngineExecutionOrchestrator.java:54)
	at org.junit.platform.launcher.core.DefaultLauncher.execute(DefaultLauncher.java:114)
	at org.junit.platform.launcher.core.DefaultLauncher.execute(DefaultLauncher.java:86)
	at org.junit.platform.launcher.core.DefaultLauncherSession$DelegatingLauncher.execute(DefaultLauncherSession.java:86)
	at org.apache.maven.surefire.junitplatform.LazyLauncher.execute(LazyLauncher.java:50)
	at org.apache.maven.surefire.junitplatform.JUnitPlatformProvider.execute(JUnitPlatformProvider.java:184)
	at org.apache.maven.surefire.junitplatform.JUnitPlatformProvider.invokeAllTests(JUnitPlatformProvider.java:148)
	at org.apache.maven.surefire.junitplatform.JUnitPlatformProvider.invoke(JUnitPlatformProvider.java:122)
	at org.apache.maven.surefire.booter.ForkedBooter.runSuitesInProcess(ForkedBooter.java:385)
	at org.apache.maven.surefire.booter.ForkedBooter.execute(ForkedBooter.java:162)
	at org.apache.maven.surefire.booter.ForkedBooter.run(ForkedBooter.java:507)
	at org.apache.maven.surefire.booter.ForkedBooter.main(ForkedBooter.java:495)

