<?xml version="1.0" encoding="UTF-8"?>
<testsuite xmlns:xsi="http://www.w3.org/2001/XMLSchema-instance" xsi:noNamespaceSchemaLocation="https://maven.apache.org/surefire/maven-surefire-plugin/xsd/surefire-test-report-3.0.xsd" version="3.0" name="examples.ExamplesTest" time="1.571" tests="1" errors="1" skipped="0" failures="0">
  <properties>
    <property name="java.specification.version" value="21"/>
    <property name="sun.cpu.isalist" value="amd64"/>
    <property name="sun.jnu.encoding" value="Cp1252"/>
    <property name="java.class.path" value="C:\Users\hyoga\KarateProject\Estudio\target\test-classes;C:\Users\hyoga\KarateProject\Estudio\target\classes;C:\Users\hyoga\.m2\repository\com\intuit\karate\karate-junit5\1.4.1\karate-junit5-1.4.1.jar;C:\Users\hyoga\.m2\repository\com\intuit\karate\karate-core\1.4.1\karate-core-1.4.1.jar;C:\Users\hyoga\.m2\repository\org\graalvm\js\js-scriptengine\22.3.3\js-scriptengine-22.3.3.jar;C:\Users\hyoga\.m2\repository\org\graalvm\sdk\graal-sdk\22.3.3\graal-sdk-22.3.3.jar;C:\Users\hyoga\.m2\repository\org\graalvm\js\js\22.3.3\js-22.3.3.jar;C:\Users\hyoga\.m2\repository\org\graalvm\regex\regex\22.3.3\regex-22.3.3.jar;C:\Users\hyoga\.m2\repository\org\graalvm\truffle\truffle-api\22.3.3\truffle-api-22.3.3.jar;C:\Users\hyoga\.m2\repository\com\ibm\icu\icu4j\71.1\icu4j-71.1.jar;C:\Users\hyoga\.m2\repository\org\thymeleaf\thymeleaf\3.1.2.RELEASE\thymeleaf-3.1.2.RELEASE.jar;C:\Users\hyoga\.m2\repository\ognl\ognl\3.3.4\ognl-3.3.4.jar;C:\Users\hyoga\.m2\repository\org\javassist\javassist\3.29.0-GA\javassist-3.29.0-GA.jar;C:\Users\hyoga\.m2\repository\org\attoparser\attoparser\2.0.7.RELEASE\attoparser-2.0.7.RELEASE.jar;C:\Users\hyoga\.m2\repository\org\unbescape\unbescape\1.1.6.RELEASE\unbescape-1.1.6.RELEASE.jar;C:\Users\hyoga\.m2\repository\org\slf4j\slf4j-api\2.0.7\slf4j-api-2.0.7.jar;C:\Users\hyoga\.m2\repository\com\linecorp\armeria\armeria\1.25.2\armeria-1.25.2.jar;C:\Users\hyoga\.m2\repository\com\fasterxml\jackson\core\jackson-core\2.15.2\jackson-core-2.15.2.jar;C:\Users\hyoga\.m2\repository\com\fasterxml\jackson\core\jackson-annotations\2.15.2\jackson-annotations-2.15.2.jar;C:\Users\hyoga\.m2\repository\com\fasterxml\jackson\core\jackson-databind\2.15.2\jackson-databind-2.15.2.jar;C:\Users\hyoga\.m2\repository\com\fasterxml\jackson\datatype\jackson-datatype-jdk8\2.15.2\jackson-datatype-jdk8-2.15.2.jar;C:\Users\hyoga\.m2\repository\com\fasterxml\jackson\datatype\jackson-datatype-jsr310\2.15.2\jackson-datatype-jsr310-2.15.2.jar;C:\Users\hyoga\.m2\repository\io\micrometer\micrometer-core\1.11.3\micrometer-core-1.11.3.jar;C:\Users\hyoga\.m2\repository\io\micrometer\micrometer-commons\1.11.3\micrometer-commons-1.11.3.jar;C:\Users\hyoga\.m2\repository\io\micrometer\micrometer-observation\1.11.3\micrometer-observation-1.11.3.jar;C:\Users\hyoga\.m2\repository\org\hdrhistogram\HdrHistogram\2.1.12\HdrHistogram-2.1.12.jar;C:\Users\hyoga\.m2\repository\org\latencyutils\LatencyUtils\2.0.3\LatencyUtils-2.0.3.jar;C:\Users\hyoga\.m2\repository\io\netty\netty-transport\4.1.96.Final\netty-transport-4.1.96.Final.jar;C:\Users\hyoga\.m2\repository\io\netty\netty-common\4.1.96.Final\netty-common-4.1.96.Final.jar;C:\Users\hyoga\.m2\repository\io\netty\netty-buffer\4.1.96.Final\netty-buffer-4.1.96.Final.jar;C:\Users\hyoga\.m2\repository\io\netty\netty-resolver\4.1.96.Final\netty-resolver-4.1.96.Final.jar;C:\Users\hyoga\.m2\repository\io\netty\netty-codec-haproxy\4.1.96.Final\netty-codec-haproxy-4.1.96.Final.jar;C:\Users\hyoga\.m2\repository\io\netty\netty-codec\4.1.96.Final\netty-codec-4.1.96.Final.jar;C:\Users\hyoga\.m2\repository\io\netty\netty-codec-http2\4.1.96.Final\netty-codec-http2-4.1.96.Final.jar;C:\Users\hyoga\.m2\repository\io\netty\netty-handler\4.1.96.Final\netty-handler-4.1.96.Final.jar;C:\Users\hyoga\.m2\repository\io\netty\netty-codec-http\4.1.96.Final\netty-codec-http-4.1.96.Final.jar;C:\Users\hyoga\.m2\repository\io\netty\netty-resolver-dns\4.1.96.Final\netty-resolver-dns-4.1.96.Final.jar;C:\Users\hyoga\.m2\repository\io\netty\netty-codec-dns\4.1.96.Final\netty-codec-dns-4.1.96.Final.jar;C:\Users\hyoga\.m2\repository\org\reactivestreams\reactive-streams\1.0.4\reactive-streams-1.0.4.jar;C:\Users\hyoga\.m2\repository\com\google\code\findbugs\jsr305\3.0.2\jsr305-3.0.2.jar;C:\Users\hyoga\.m2\repository\io\netty\netty-handler-proxy\4.1.96.Final\netty-handler-proxy-4.1.96.Final.jar;C:\Users\hyoga\.m2\repository\io\netty\netty-codec-socks\4.1.96.Final\netty-codec-socks-4.1.96.Final.jar;C:\Users\hyoga\.m2\repository\io\netty\netty-transport-native-unix-common\4.1.96.Final\netty-transport-native-unix-common-4.1.96.Final-linux-x86_64.jar;C:\Users\hyoga\.m2\repository\io\netty\netty-transport-native-epoll\4.1.96.Final\netty-transport-native-epoll-4.1.96.Final-linux-x86_64.jar;C:\Users\hyoga\.m2\repository\io\netty\netty-transport-native-unix-common\4.1.96.Final\netty-transport-native-unix-common-4.1.96.Final.jar;C:\Users\hyoga\.m2\repository\io\netty\netty-transport-classes-epoll\4.1.96.Final\netty-transport-classes-epoll-4.1.96.Final.jar;C:\Users\hyoga\.m2\repository\io\netty\netty-transport-native-unix-common\4.1.96.Final\netty-transport-native-unix-common-4.1.96.Final-linux-aarch_64.jar;C:\Users\hyoga\.m2\repository\io\netty\netty-transport-native-epoll\4.1.96.Final\netty-transport-native-epoll-4.1.96.Final-linux-aarch_64.jar;C:\Users\hyoga\.m2\repository\io\netty\netty-transport-native-unix-common\4.1.96.Final\netty-transport-native-unix-common-4.1.96.Final-osx-x86_64.jar;C:\Users\hyoga\.m2\repository\io\netty\netty-transport-native-kqueue\4.1.96.Final\netty-transport-native-kqueue-4.1.96.Final-osx-x86_64.jar;C:\Users\hyoga\.m2\repository\io\netty\netty-transport-classes-kqueue\4.1.96.Final\netty-transport-classes-kqueue-4.1.96.Final.jar;C:\Users\hyoga\.m2\repository\io\netty\netty-resolver-dns-native-macos\4.1.96.Final\netty-resolver-dns-native-macos-4.1.96.Final-osx-x86_64.jar;C:\Users\hyoga\.m2\repository\io\netty\netty-resolver-dns-classes-macos\4.1.96.Final\netty-resolver-dns-classes-macos-4.1.96.Final.jar;C:\Users\hyoga\.m2\repository\io\netty\netty-transport-native-unix-common\4.1.96.Final\netty-transport-native-unix-common-4.1.96.Final-osx-aarch_64.jar;C:\Users\hyoga\.m2\repository\io\netty\netty-transport-native-kqueue\4.1.96.Final\netty-transport-native-kqueue-4.1.96.Final-osx-aarch_64.jar;C:\Users\hyoga\.m2\repository\io\netty\netty-resolver-dns-native-macos\4.1.96.Final\netty-resolver-dns-native-macos-4.1.96.Final-osx-aarch_64.jar;C:\Users\hyoga\.m2\repository\io\netty\netty-tcnative-boringssl-static\2.0.61.Final\netty-tcnative-boringssl-static-2.0.61.Final-linux-x86_64.jar;C:\Users\hyoga\.m2\repository\io\netty\netty-tcnative-classes\2.0.61.Final\netty-tcnative-classes-2.0.61.Final.jar;C:\Users\hyoga\.m2\repository\io\netty\netty-tcnative-boringssl-static\2.0.61.Final\netty-tcnative-boringssl-static-2.0.61.Final-linux-aarch_64.jar;C:\Users\hyoga\.m2\repository\io\netty\netty-tcnative-boringssl-static\2.0.61.Final\netty-tcnative-boringssl-static-2.0.61.Final-osx-x86_64.jar;C:\Users\hyoga\.m2\repository\io\netty\netty-tcnative-boringssl-static\2.0.61.Final\netty-tcnative-boringssl-static-2.0.61.Final-osx-aarch_64.jar;C:\Users\hyoga\.m2\repository\io\netty\netty-tcnative-boringssl-static\2.0.61.Final\netty-tcnative-boringssl-static-2.0.61.Final-windows-x86_64.jar;C:\Users\hyoga\.m2\repository\com\aayushatharva\brotli4j\brotli4j\1.12.0\brotli4j-1.12.0.jar;C:\Users\hyoga\.m2\repository\com\aayushatharva\brotli4j\service\1.12.0\service-1.12.0.jar;C:\Users\hyoga\.m2\repository\com\aayushatharva\brotli4j\native-windows-x86_64\1.12.0\native-windows-x86_64-1.12.0.jar;C:\Users\hyoga\.m2\repository\org\apache\httpcomponents\httpclient\4.5.14\httpclient-4.5.14.jar;C:\Users\hyoga\.m2\repository\org\apache\httpcomponents\httpcore\4.4.16\httpcore-4.4.16.jar;C:\Users\hyoga\.m2\repository\commons-codec\commons-codec\1.16.0\commons-codec-1.16.0.jar;C:\Users\hyoga\.m2\repository\ch\qos\logback\logback-classic\1.4.11\logback-classic-1.4.11.jar;C:\Users\hyoga\.m2\repository\ch\qos\logback\logback-core\1.4.11\logback-core-1.4.11.jar;C:\Users\hyoga\.m2\repository\org\slf4j\jcl-over-slf4j\2.0.9\jcl-over-slf4j-2.0.9.jar;C:\Users\hyoga\.m2\repository\org\antlr\antlr4-runtime\4.11.1\antlr4-runtime-4.11.1.jar;C:\Users\hyoga\.m2\repository\com\jayway\jsonpath\json-path\2.8.0\json-path-2.8.0.jar;C:\Users\hyoga\.m2\repository\net\minidev\json-smart\2.4.10\json-smart-2.4.10.jar;C:\Users\hyoga\.m2\repository\net\minidev\accessors-smart\2.4.9\accessors-smart-2.4.9.jar;C:\Users\hyoga\.m2\repository\org\ow2\asm\asm\9.3\asm-9.3.jar;C:\Users\hyoga\.m2\repository\org\yaml\snakeyaml\2.0\snakeyaml-2.0.jar;C:\Users\hyoga\.m2\repository\de\siegmar\fastcsv\2.2.1\fastcsv-2.2.1.jar;C:\Users\hyoga\.m2\repository\info\picocli\picocli\4.7.1\picocli-4.7.1.jar;C:\Users\hyoga\.m2\repository\io\github\classgraph\classgraph\4.8.160\classgraph-4.8.160.jar;C:\Users\hyoga\.m2\repository\io\github\t12y\resemble\1.0.2\resemble-1.0.2.jar;C:\Users\hyoga\.m2\repository\io\github\t12y\ssim\1.0.0\ssim-1.0.0.jar;C:\Users\hyoga\.m2\repository\org\junit\jupiter\junit-jupiter-api\5.9.3\junit-jupiter-api-5.9.3.jar;C:\Users\hyoga\.m2\repository\org\opentest4j\opentest4j\1.2.0\opentest4j-1.2.0.jar;C:\Users\hyoga\.m2\repository\org\junit\platform\junit-platform-commons\1.9.3\junit-platform-commons-1.9.3.jar;C:\Users\hyoga\.m2\repository\org\apiguardian\apiguardian-api\1.1.2\apiguardian-api-1.1.2.jar;C:\Users\hyoga\.m2\repository\org\junit\jupiter\junit-jupiter-engine\5.9.3\junit-jupiter-engine-5.9.3.jar;C:\Users\hyoga\.m2\repository\org\junit\platform\junit-platform-engine\1.9.3\junit-platform-engine-1.9.3.jar;"/>
    <property name="java.vm.vendor" value="Oracle Corporation"/>
    <property name="sun.arch.data.model" value="64"/>
    <property name="user.variant" value=""/>
    <property name="java.vendor.url" value="https://java.oracle.com/"/>
    <property name="user.timezone" value="GMT-04:00"/>
    <property name="os.name" value="Windows 10"/>
    <property name="java.vm.specification.version" value="21"/>
    <property name="sun.java.launcher" value="SUN_STANDARD"/>
    <property name="user.country" value="CL"/>
    <property name="sun.boot.library.path" value="C:\Program Files\Java\jdk-21\bin"/>
    <property name="sun.java.command" value="C:\Users\hyoga\AppData\Local\Temp\surefire17243220726776609625\surefirebooter-20240704152258593_3.jar C:\Users\hyoga\AppData\Local\Temp\surefire17243220726776609625 2024-07-04T15-22-58_387-jvmRun1 surefire-20240704152258593_1tmp surefire_0-20240704152258593_2tmp"/>
    <property name="jdk.debug" value="release"/>
    <property name="surefire.test.class.path" value="C:\Users\hyoga\KarateProject\Estudio\target\test-classes;C:\Users\hyoga\KarateProject\Estudio\target\classes;C:\Users\hyoga\.m2\repository\com\intuit\karate\karate-junit5\1.4.1\karate-junit5-1.4.1.jar;C:\Users\hyoga\.m2\repository\com\intuit\karate\karate-core\1.4.1\karate-core-1.4.1.jar;C:\Users\hyoga\.m2\repository\org\graalvm\js\js-scriptengine\22.3.3\js-scriptengine-22.3.3.jar;C:\Users\hyoga\.m2\repository\org\graalvm\sdk\graal-sdk\22.3.3\graal-sdk-22.3.3.jar;C:\Users\hyoga\.m2\repository\org\graalvm\js\js\22.3.3\js-22.3.3.jar;C:\Users\hyoga\.m2\repository\org\graalvm\regex\regex\22.3.3\regex-22.3.3.jar;C:\Users\hyoga\.m2\repository\org\graalvm\truffle\truffle-api\22.3.3\truffle-api-22.3.3.jar;C:\Users\hyoga\.m2\repository\com\ibm\icu\icu4j\71.1\icu4j-71.1.jar;C:\Users\hyoga\.m2\repository\org\thymeleaf\thymeleaf\3.1.2.RELEASE\thymeleaf-3.1.2.RELEASE.jar;C:\Users\hyoga\.m2\repository\ognl\ognl\3.3.4\ognl-3.3.4.jar;C:\Users\hyoga\.m2\repository\org\javassist\javassist\3.29.0-GA\javassist-3.29.0-GA.jar;C:\Users\hyoga\.m2\repository\org\attoparser\attoparser\2.0.7.RELEASE\attoparser-2.0.7.RELEASE.jar;C:\Users\hyoga\.m2\repository\org\unbescape\unbescape\1.1.6.RELEASE\unbescape-1.1.6.RELEASE.jar;C:\Users\hyoga\.m2\repository\org\slf4j\slf4j-api\2.0.7\slf4j-api-2.0.7.jar;C:\Users\hyoga\.m2\repository\com\linecorp\armeria\armeria\1.25.2\armeria-1.25.2.jar;C:\Users\hyoga\.m2\repository\com\fasterxml\jackson\core\jackson-core\2.15.2\jackson-core-2.15.2.jar;C:\Users\hyoga\.m2\repository\com\fasterxml\jackson\core\jackson-annotations\2.15.2\jackson-annotations-2.15.2.jar;C:\Users\hyoga\.m2\repository\com\fasterxml\jackson\core\jackson-databind\2.15.2\jackson-databind-2.15.2.jar;C:\Users\hyoga\.m2\repository\com\fasterxml\jackson\datatype\jackson-datatype-jdk8\2.15.2\jackson-datatype-jdk8-2.15.2.jar;C:\Users\hyoga\.m2\repository\com\fasterxml\jackson\datatype\jackson-datatype-jsr310\2.15.2\jackson-datatype-jsr310-2.15.2.jar;C:\Users\hyoga\.m2\repository\io\micrometer\micrometer-core\1.11.3\micrometer-core-1.11.3.jar;C:\Users\hyoga\.m2\repository\io\micrometer\micrometer-commons\1.11.3\micrometer-commons-1.11.3.jar;C:\Users\hyoga\.m2\repository\io\micrometer\micrometer-observation\1.11.3\micrometer-observation-1.11.3.jar;C:\Users\hyoga\.m2\repository\org\hdrhistogram\HdrHistogram\2.1.12\HdrHistogram-2.1.12.jar;C:\Users\hyoga\.m2\repository\org\latencyutils\LatencyUtils\2.0.3\LatencyUtils-2.0.3.jar;C:\Users\hyoga\.m2\repository\io\netty\netty-transport\4.1.96.Final\netty-transport-4.1.96.Final.jar;C:\Users\hyoga\.m2\repository\io\netty\netty-common\4.1.96.Final\netty-common-4.1.96.Final.jar;C:\Users\hyoga\.m2\repository\io\netty\netty-buffer\4.1.96.Final\netty-buffer-4.1.96.Final.jar;C:\Users\hyoga\.m2\repository\io\netty\netty-resolver\4.1.96.Final\netty-resolver-4.1.96.Final.jar;C:\Users\hyoga\.m2\repository\io\netty\netty-codec-haproxy\4.1.96.Final\netty-codec-haproxy-4.1.96.Final.jar;C:\Users\hyoga\.m2\repository\io\netty\netty-codec\4.1.96.Final\netty-codec-4.1.96.Final.jar;C:\Users\hyoga\.m2\repository\io\netty\netty-codec-http2\4.1.96.Final\netty-codec-http2-4.1.96.Final.jar;C:\Users\hyoga\.m2\repository\io\netty\netty-handler\4.1.96.Final\netty-handler-4.1.96.Final.jar;C:\Users\hyoga\.m2\repository\io\netty\netty-codec-http\4.1.96.Final\netty-codec-http-4.1.96.Final.jar;C:\Users\hyoga\.m2\repository\io\netty\netty-resolver-dns\4.1.96.Final\netty-resolver-dns-4.1.96.Final.jar;C:\Users\hyoga\.m2\repository\io\netty\netty-codec-dns\4.1.96.Final\netty-codec-dns-4.1.96.Final.jar;C:\Users\hyoga\.m2\repository\org\reactivestreams\reactive-streams\1.0.4\reactive-streams-1.0.4.jar;C:\Users\hyoga\.m2\repository\com\google\code\findbugs\jsr305\3.0.2\jsr305-3.0.2.jar;C:\Users\hyoga\.m2\repository\io\netty\netty-handler-proxy\4.1.96.Final\netty-handler-proxy-4.1.96.Final.jar;C:\Users\hyoga\.m2\repository\io\netty\netty-codec-socks\4.1.96.Final\netty-codec-socks-4.1.96.Final.jar;C:\Users\hyoga\.m2\repository\io\netty\netty-transport-native-unix-common\4.1.96.Final\netty-transport-native-unix-common-4.1.96.Final-linux-x86_64.jar;C:\Users\hyoga\.m2\repository\io\netty\netty-transport-native-epoll\4.1.96.Final\netty-transport-native-epoll-4.1.96.Final-linux-x86_64.jar;C:\Users\hyoga\.m2\repository\io\netty\netty-transport-native-unix-common\4.1.96.Final\netty-transport-native-unix-common-4.1.96.Final.jar;C:\Users\hyoga\.m2\repository\io\netty\netty-transport-classes-epoll\4.1.96.Final\netty-transport-classes-epoll-4.1.96.Final.jar;C:\Users\hyoga\.m2\repository\io\netty\netty-transport-native-unix-common\4.1.96.Final\netty-transport-native-unix-common-4.1.96.Final-linux-aarch_64.jar;C:\Users\hyoga\.m2\repository\io\netty\netty-transport-native-epoll\4.1.96.Final\netty-transport-native-epoll-4.1.96.Final-linux-aarch_64.jar;C:\Users\hyoga\.m2\repository\io\netty\netty-transport-native-unix-common\4.1.96.Final\netty-transport-native-unix-common-4.1.96.Final-osx-x86_64.jar;C:\Users\hyoga\.m2\repository\io\netty\netty-transport-native-kqueue\4.1.96.Final\netty-transport-native-kqueue-4.1.96.Final-osx-x86_64.jar;C:\Users\hyoga\.m2\repository\io\netty\netty-transport-classes-kqueue\4.1.96.Final\netty-transport-classes-kqueue-4.1.96.Final.jar;C:\Users\hyoga\.m2\repository\io\netty\netty-resolver-dns-native-macos\4.1.96.Final\netty-resolver-dns-native-macos-4.1.96.Final-osx-x86_64.jar;C:\Users\hyoga\.m2\repository\io\netty\netty-resolver-dns-classes-macos\4.1.96.Final\netty-resolver-dns-classes-macos-4.1.96.Final.jar;C:\Users\hyoga\.m2\repository\io\netty\netty-transport-native-unix-common\4.1.96.Final\netty-transport-native-unix-common-4.1.96.Final-osx-aarch_64.jar;C:\Users\hyoga\.m2\repository\io\netty\netty-transport-native-kqueue\4.1.96.Final\netty-transport-native-kqueue-4.1.96.Final-osx-aarch_64.jar;C:\Users\hyoga\.m2\repository\io\netty\netty-resolver-dns-native-macos\4.1.96.Final\netty-resolver-dns-native-macos-4.1.96.Final-osx-aarch_64.jar;C:\Users\hyoga\.m2\repository\io\netty\netty-tcnative-boringssl-static\2.0.61.Final\netty-tcnative-boringssl-static-2.0.61.Final-linux-x86_64.jar;C:\Users\hyoga\.m2\repository\io\netty\netty-tcnative-classes\2.0.61.Final\netty-tcnative-classes-2.0.61.Final.jar;C:\Users\hyoga\.m2\repository\io\netty\netty-tcnative-boringssl-static\2.0.61.Final\netty-tcnative-boringssl-static-2.0.61.Final-linux-aarch_64.jar;C:\Users\hyoga\.m2\repository\io\netty\netty-tcnative-boringssl-static\2.0.61.Final\netty-tcnative-boringssl-static-2.0.61.Final-osx-x86_64.jar;C:\Users\hyoga\.m2\repository\io\netty\netty-tcnative-boringssl-static\2.0.61.Final\netty-tcnative-boringssl-static-2.0.61.Final-osx-aarch_64.jar;C:\Users\hyoga\.m2\repository\io\netty\netty-tcnative-boringssl-static\2.0.61.Final\netty-tcnative-boringssl-static-2.0.61.Final-windows-x86_64.jar;C:\Users\hyoga\.m2\repository\com\aayushatharva\brotli4j\brotli4j\1.12.0\brotli4j-1.12.0.jar;C:\Users\hyoga\.m2\repository\com\aayushatharva\brotli4j\service\1.12.0\service-1.12.0.jar;C:\Users\hyoga\.m2\repository\com\aayushatharva\brotli4j\native-windows-x86_64\1.12.0\native-windows-x86_64-1.12.0.jar;C:\Users\hyoga\.m2\repository\org\apache\httpcomponents\httpclient\4.5.14\httpclient-4.5.14.jar;C:\Users\hyoga\.m2\repository\org\apache\httpcomponents\httpcore\4.4.16\httpcore-4.4.16.jar;C:\Users\hyoga\.m2\repository\commons-codec\commons-codec\1.16.0\commons-codec-1.16.0.jar;C:\Users\hyoga\.m2\repository\ch\qos\logback\logback-classic\1.4.11\logback-classic-1.4.11.jar;C:\Users\hyoga\.m2\repository\ch\qos\logback\logback-core\1.4.11\logback-core-1.4.11.jar;C:\Users\hyoga\.m2\repository\org\slf4j\jcl-over-slf4j\2.0.9\jcl-over-slf4j-2.0.9.jar;C:\Users\hyoga\.m2\repository\org\antlr\antlr4-runtime\4.11.1\antlr4-runtime-4.11.1.jar;C:\Users\hyoga\.m2\repository\com\jayway\jsonpath\json-path\2.8.0\json-path-2.8.0.jar;C:\Users\hyoga\.m2\repository\net\minidev\json-smart\2.4.10\json-smart-2.4.10.jar;C:\Users\hyoga\.m2\repository\net\minidev\accessors-smart\2.4.9\accessors-smart-2.4.9.jar;C:\Users\hyoga\.m2\repository\org\ow2\asm\asm\9.3\asm-9.3.jar;C:\Users\hyoga\.m2\repository\org\yaml\snakeyaml\2.0\snakeyaml-2.0.jar;C:\Users\hyoga\.m2\repository\de\siegmar\fastcsv\2.2.1\fastcsv-2.2.1.jar;C:\Users\hyoga\.m2\repository\info\picocli\picocli\4.7.1\picocli-4.7.1.jar;C:\Users\hyoga\.m2\repository\io\github\classgraph\classgraph\4.8.160\classgraph-4.8.160.jar;C:\Users\hyoga\.m2\repository\io\github\t12y\resemble\1.0.2\resemble-1.0.2.jar;C:\Users\hyoga\.m2\repository\io\github\t12y\ssim\1.0.0\ssim-1.0.0.jar;C:\Users\hyoga\.m2\repository\org\junit\jupiter\junit-jupiter-api\5.9.3\junit-jupiter-api-5.9.3.jar;C:\Users\hyoga\.m2\repository\org\opentest4j\opentest4j\1.2.0\opentest4j-1.2.0.jar;C:\Users\hyoga\.m2\repository\org\junit\platform\junit-platform-commons\1.9.3\junit-platform-commons-1.9.3.jar;C:\Users\hyoga\.m2\repository\org\apiguardian\apiguardian-api\1.1.2\apiguardian-api-1.1.2.jar;C:\Users\hyoga\.m2\repository\org\junit\jupiter\junit-jupiter-engine\5.9.3\junit-jupiter-engine-5.9.3.jar;C:\Users\hyoga\.m2\repository\org\junit\platform\junit-platform-engine\1.9.3\junit-platform-engine-1.9.3.jar;"/>
    <property name="sun.cpu.endian" value="little"/>
    <property name="user.home" value="C:\Users\hyoga"/>
    <property name="user.language" value="es"/>
    <property name="java.specification.vendor" value="Oracle Corporation"/>
    <property name="java.version.date" value="2023-10-17"/>
    <property name="java.home" value="C:\Program Files\Java\jdk-21"/>
    <property name="file.separator" value="\"/>
    <property name="basedir" value="C:\Users\hyoga\KarateProject\Estudio"/>
    <property name="java.vm.compressedOopsMode" value="32-bit"/>
    <property name="line.separator" value="&#10;"/>
    <property name="java.vm.specification.vendor" value="Oracle Corporation"/>
    <property name="java.specification.name" value="Java Platform API Specification"/>
    <property name="surefire.real.class.path" value="C:\Users\hyoga\AppData\Local\Temp\surefire17243220726776609625\surefirebooter-20240704152258593_3.jar"/>
    <property name="user.script" value=""/>
    <property name="sun.management.compiler" value="HotSpot 64-Bit Tiered Compilers"/>
    <property name="java.runtime.version" value="21.0.1+12-LTS-29"/>
    <property name="user.name" value="hyoga"/>
    <property name="stdout.encoding" value="Cp1252"/>
    <property name="path.separator" value=";"/>
    <property name="os.version" value="10.0"/>
    <property name="java.runtime.name" value="Java(TM) SE Runtime Environment"/>
    <property name="file.encoding" value="UTF-8"/>
    <property name="java.vm.name" value="Java HotSpot(TM) 64-Bit Server VM"/>
    <property name="localRepository" value="C:\Users\hyoga\.m2\repository"/>
    <property name="java.vendor.url.bug" value="https://bugreport.java.com/bugreport/"/>
    <property name="java.io.tmpdir" value="C:\Users\hyoga\AppData\Local\Temp\"/>
    <property name="java.version" value="21.0.1"/>
    <property name="user.dir" value="C:\Users\hyoga\KarateProject\Estudio"/>
    <property name="os.arch" value="amd64"/>
    <property name="java.vm.specification.name" value="Java Virtual Machine Specification"/>
    <property name="sun.os.patch.level" value=""/>
    <property name="native.encoding" value="Cp1252"/>
    <property name="java.library.path" value="C:\Program Files\Java\jdk-21\bin;C:\WINDOWS\Sun\Java\bin;C:\WINDOWS\system32;C:\WINDOWS;C:\Program Files\Common Files\Oracle\Java\javapath;C:\Program Files (x86)\Common Files\Oracle\Java\javapath;C:\Windows\system32;C:\Windows;C:\Windows\System32\Wbem;C:\Windows\System32\WindowsPowerShell\v1.0\;C:\Windows\System32\OpenSSH\;C:\Program Files (x86)\NVIDIA Corporation\PhysX\Common;C:\Program Files\NVIDIA Corporation\NVIDIA NvDLISR;C:\WINDOWS\system32;C:\WINDOWS;C:\WINDOWS\System32\Wbem;C:\WINDOWS\System32\WindowsPowerShell\v1.0\;C:\WINDOWS\System32\OpenSSH\;&quot;C:\WINDOWS\system32;C:\WINDOWS;C:\WINDOWS\System32\Wbem&quot;;C:\Program Files\Git\cmd;C:\Program Files\Eclipse Adoptium\jdk-17.0.10.7-hotspot\\bin;C:\Program Files\dotnet\;C:\Program Files\nodejs\;C:\Program Files\Java\jdk-21\bin\;C:\Users\hyoga\AppData\Local\Android\Sdk\platform-tools;C:\Users\hyoga\AppData\Local\Android\Sdk\tools;C:\Users\hyoga\AppData\Local\Android\Sdk\platform-tools;C:\Users\hyoga\AppData\Local\Android\Sdk\tools;C:\Users\hyoga\AppData\Local\Android\Sdk\build-tools;C:\Users\hyoga\AppData\Local\Android\Sdk\build-tools;C:\Maven\apache-maven-3.9.5\bin\;C:\Maven\apache-maven-3.9.5\bin;C:\Program Files (x86)\Yarn\bin\;C:\ProgramData\chocolatey\bin;C:\Users\hyoga\AppData\Local\Microsoft\WindowsApps;C:\Users\hyoga\AppData\Local\Programs\Microsoft VS Code\bin;C:\Users\hyoga\AppData\Roaming\npm;C:\Users\hyoga\AppData\Local\Yarn\bin;;."/>
    <property name="java.vm.info" value="mixed mode, sharing"/>
    <property name="stderr.encoding" value="Cp1252"/>
    <property name="java.vendor" value="Oracle Corporation"/>
    <property name="java.vm.version" value="21.0.1+12-LTS-29"/>
    <property name="sun.io.unicode.encoding" value="UnicodeLittle"/>
    <property name="java.class.version" value="65.0"/>
  </properties>
  <testcase name="testParallel" classname="examples.ExamplesTest" time="1.536">
    <error message="missing FEATURE at &apos;&lt;EOF&gt;&apos;" type="java.lang.RuntimeException"><![CDATA[java.lang.RuntimeException: missing FEATURE at '<EOF>'
	at com.intuit.karate.core.FeatureParser.parse(FeatureParser.java:74)
	at com.intuit.karate.core.Feature.read(Feature.java:63)
	at com.intuit.karate.resource.ResourceUtils.findFeatureFiles(ResourceUtils.java:95)
	at com.intuit.karate.Runner$Builder.resolveAll(Runner.java:248)
	at com.intuit.karate.Suite.<init>(Suite.java:177)
	at com.intuit.karate.Runner$Builder.parallel(Runner.java:483)
	at examples.ExamplesTest.testParallel(ExamplesTest.java:14)
	at java.base/jdk.internal.reflect.DirectMethodHandleAccessor.invoke(DirectMethodHandleAccessor.java:103)
	at java.base/java.lang.reflect.Method.invoke(Method.java:580)
	at org.junit.platform.commons.util.ReflectionUtils.invokeMethod(ReflectionUtils.java:727)
	at org.junit.jupiter.engine.execution.MethodInvocation.proceed(MethodInvocation.java:60)
	at org.junit.jupiter.engine.execution.InvocationInterceptorChain$ValidatingInvocation.proceed(InvocationInterceptorChain.java:131)
	at org.junit.jupiter.engine.extension.TimeoutExtension.intercept(TimeoutExtension.java:156)
	at org.junit.jupiter.engine.extension.TimeoutExtension.interceptTestableMethod(TimeoutExtension.java:147)
	at org.junit.jupiter.engine.extension.TimeoutExtension.interceptTestMethod(TimeoutExtension.java:86)
	at org.junit.jupiter.engine.execution.InterceptingExecutableInvoker$ReflectiveInterceptorCall.lambda$ofVoidMethod$0(InterceptingExecutableInvoker.java:103)
	at org.junit.jupiter.engine.execution.InterceptingExecutableInvoker.lambda$invoke$0(InterceptingExecutableInvoker.java:93)
	at org.junit.jupiter.engine.execution.InvocationInterceptorChain$InterceptedInvocation.proceed(InvocationInterceptorChain.java:106)
	at org.junit.jupiter.engine.execution.InvocationInterceptorChain.proceed(InvocationInterceptorChain.java:64)
	at org.junit.jupiter.engine.execution.InvocationInterceptorChain.chainAndInvoke(InvocationInterceptorChain.java:45)
	at org.junit.jupiter.engine.execution.InvocationInterceptorChain.invoke(InvocationInterceptorChain.java:37)
	at org.junit.jupiter.engine.execution.InterceptingExecutableInvoker.invoke(InterceptingExecutableInvoker.java:92)
	at org.junit.jupiter.engine.execution.InterceptingExecutableInvoker.invoke(InterceptingExecutableInvoker.java:86)
	at org.junit.jupiter.engine.descriptor.TestMethodTestDescriptor.lambda$invokeTestMethod$7(TestMethodTestDescriptor.java:217)
	at org.junit.platform.engine.support.hierarchical.ThrowableCollector.execute(ThrowableCollector.java:73)
	at org.junit.jupiter.engine.descriptor.TestMethodTestDescriptor.invokeTestMethod(TestMethodTestDescriptor.java:213)
	at org.junit.jupiter.engine.descriptor.TestMethodTestDescriptor.execute(TestMethodTestDescriptor.java:138)
	at org.junit.jupiter.engine.descriptor.TestMethodTestDescriptor.execute(TestMethodTestDescriptor.java:68)
	at org.junit.platform.engine.support.hierarchical.NodeTestTask.lambda$executeRecursively$6(NodeTestTask.java:151)
	at org.junit.platform.engine.support.hierarchical.ThrowableCollector.execute(ThrowableCollector.java:73)
	at org.junit.platform.engine.support.hierarchical.NodeTestTask.lambda$executeRecursively$8(NodeTestTask.java:141)
	at org.junit.platform.engine.support.hierarchical.Node.around(Node.java:137)
	at org.junit.platform.engine.support.hierarchical.NodeTestTask.lambda$executeRecursively$9(NodeTestTask.java:139)
	at org.junit.platform.engine.support.hierarchical.ThrowableCollector.execute(ThrowableCollector.java:73)
	at org.junit.platform.engine.support.hierarchical.NodeTestTask.executeRecursively(NodeTestTask.java:138)
	at org.junit.platform.engine.support.hierarchical.NodeTestTask.execute(NodeTestTask.java:95)
	at java.base/java.util.ArrayList.forEach(ArrayList.java:1596)
	at org.junit.platform.engine.support.hierarchical.SameThreadHierarchicalTestExecutorService.invokeAll(SameThreadHierarchicalTestExecutorService.java:41)
	at org.junit.platform.engine.support.hierarchical.NodeTestTask.lambda$executeRecursively$6(NodeTestTask.java:155)
	at org.junit.platform.engine.support.hierarchical.ThrowableCollector.execute(ThrowableCollector.java:73)
	at org.junit.platform.engine.support.hierarchical.NodeTestTask.lambda$executeRecursively$8(NodeTestTask.java:141)
	at org.junit.platform.engine.support.hierarchical.Node.around(Node.java:137)
	at org.junit.platform.engine.support.hierarchical.NodeTestTask.lambda$executeRecursively$9(NodeTestTask.java:139)
	at org.junit.platform.engine.support.hierarchical.ThrowableCollector.execute(ThrowableCollector.java:73)
	at org.junit.platform.engine.support.hierarchical.NodeTestTask.executeRecursively(NodeTestTask.java:138)
	at org.junit.platform.engine.support.hierarchical.NodeTestTask.execute(NodeTestTask.java:95)
	at java.base/java.util.ArrayList.forEach(ArrayList.java:1596)
	at org.junit.platform.engine.support.hierarchical.SameThreadHierarchicalTestExecutorService.invokeAll(SameThreadHierarchicalTestExecutorService.java:41)
	at org.junit.platform.engine.support.hierarchical.NodeTestTask.lambda$executeRecursively$6(NodeTestTask.java:155)
	at org.junit.platform.engine.support.hierarchical.ThrowableCollector.execute(ThrowableCollector.java:73)
	at org.junit.platform.engine.support.hierarchical.NodeTestTask.lambda$executeRecursively$8(NodeTestTask.java:141)
	at org.junit.platform.engine.support.hierarchical.Node.around(Node.java:137)
	at org.junit.platform.engine.support.hierarchical.NodeTestTask.lambda$executeRecursively$9(NodeTestTask.java:139)
	at org.junit.platform.engine.support.hierarchical.ThrowableCollector.execute(ThrowableCollector.java:73)
	at org.junit.platform.engine.support.hierarchical.NodeTestTask.executeRecursively(NodeTestTask.java:138)
	at org.junit.platform.engine.support.hierarchical.NodeTestTask.execute(NodeTestTask.java:95)
	at org.junit.platform.engine.support.hierarchical.SameThreadHierarchicalTestExecutorService.submit(SameThreadHierarchicalTestExecutorService.java:35)
	at org.junit.platform.engine.support.hierarchical.HierarchicalTestExecutor.execute(HierarchicalTestExecutor.java:57)
	at org.junit.platform.engine.support.hierarchical.HierarchicalTestEngine.execute(HierarchicalTestEngine.java:54)
	at org.junit.platform.launcher.core.EngineExecutionOrchestrator.execute(EngineExecutionOrchestrator.java:147)
	at org.junit.platform.launcher.core.EngineExecutionOrchestrator.execute(EngineExecutionOrchestrator.java:127)
	at org.junit.platform.launcher.core.EngineExecutionOrchestrator.execute(EngineExecutionOrchestrator.java:90)
	at org.junit.platform.launcher.core.EngineExecutionOrchestrator.lambda$execute$0(EngineExecutionOrchestrator.java:55)
	at org.junit.platform.launcher.core.EngineExecutionOrchestrator.withInterceptedStreams(EngineExecutionOrchestrator.java:102)
	at org.junit.platform.launcher.core.EngineExecutionOrchestrator.execute(EngineExecutionOrchestrator.java:54)
	at org.junit.platform.launcher.core.DefaultLauncher.execute(DefaultLauncher.java:114)
	at org.junit.platform.launcher.core.DefaultLauncher.execute(DefaultLauncher.java:86)
	at org.junit.platform.launcher.core.DefaultLauncherSession$DelegatingLauncher.execute(DefaultLauncherSession.java:86)
	at org.apache.maven.surefire.junitplatform.LazyLauncher.execute(LazyLauncher.java:50)
	at org.apache.maven.surefire.junitplatform.JUnitPlatformProvider.execute(JUnitPlatformProvider.java:184)
	at org.apache.maven.surefire.junitplatform.JUnitPlatformProvider.invokeAllTests(JUnitPlatformProvider.java:148)
	at org.apache.maven.surefire.junitplatform.JUnitPlatformProvider.invoke(JUnitPlatformProvider.java:122)
	at org.apache.maven.surefire.booter.ForkedBooter.runSuitesInProcess(ForkedBooter.java:385)
	at org.apache.maven.surefire.booter.ForkedBooter.execute(ForkedBooter.java:162)
	at org.apache.maven.surefire.booter.ForkedBooter.run(ForkedBooter.java:507)
	at org.apache.maven.surefire.booter.ForkedBooter.main(ForkedBooter.java:495)
]]></error>
    <system-out><![CDATA[15:23:01.022 [main] ERROR c.intuit.karate.core.FeatureParser - not a valid feature file: examples/feature/article.feature - missing FEATURE at '<EOF>'
]]></system-out>
    <system-err><![CDATA[line 1:0 token recognition error at: '\nFeau'
line 2:4 token recognition error at: 't'
line 2:5 token recognition error at: 'u'
line 2:6 token recognition error at: 'r'
line 2:7 token recognition error at: 'e'
line 2:8 token recognition error at: ':'
line 2:9 token recognition error at: ' A'
line 2:11 token recognition error at: 'r'
line 2:12 token recognition error at: 't'
line 2:13 token recognition error at: 'i'
line 2:14 token recognition error at: 'c'
line 2:15 token recognition error at: 'l'
line 2:16 token recognition error at: 'e'
line 2:17 token recognition error at: 's'
line 2:18 token recognition error at: '\n\n B'
line 4:2 token recognition error at: 'a'
line 4:3 token recognition error at: 'c'
line 4:4 token recognition error at: 'k'
line 4:5 token recognition error at: 'g'
line 4:6 token recognition error at: 'r'
line 4:7 token recognition error at: 'o'
line 4:8 token recognition error at: 'u'
line 4:9 token recognition error at: 'n'
line 4:10 token recognition error at: 'd'
line 4:11 token recognition error at: ':'
line 4:12 token recognition error at: ' D'
line 4:14 token recognition error at: 'e'
line 4:15 token recognition error at: 'f'
line 4:16 token recognition error at: 'i'
line 4:17 token recognition error at: 'n'
line 4:18 token recognition error at: 'e'
line 4:19 token recognition error at: ' U'
line 4:21 token recognition error at: 'R'
line 4:22 token recognition error at: 'L'
line 4:23 token recognition error at: '\n     G'
line 5:6 token recognition error at: 'i'
line 5:7 token recognition error at: 'v'
line 5:8 token recognition error at: 'e'
line 5:9 token recognition error at: 'n'
line 5:10 token recognition error at: ' u'
line 5:12 token recognition error at: 'r'
line 5:13 token recognition error at: 'l'
line 5:14 token recognition error at: ' ''
line 5:16 token recognition error at: 'h'
line 5:17 token recognition error at: 't'
line 5:18 token recognition error at: 't'
line 5:19 token recognition error at: 'p'
line 5:20 token recognition error at: 's'
line 5:21 token recognition error at: ':'
line 5:22 token recognition error at: '/'
line 5:23 token recognition error at: '/'
line 5:24 token recognition error at: 'a'
line 5:25 token recognition error at: 'p'
line 5:26 token recognition error at: 'i'
line 5:27 token recognition error at: '.'
line 5:28 token recognition error at: 'r'
line 5:29 token recognition error at: 'e'
line 5:30 token recognition error at: 'a'
line 5:31 token recognition error at: 'l'
line 5:32 token recognition error at: 'w'
line 5:33 token recognition error at: 'o'
line 5:34 token recognition error at: 'r'
line 5:35 token recognition error at: 'l'
line 5:36 token recognition error at: 'd'
line 5:37 token recognition error at: '.'
line 5:38 token recognition error at: 'i'
line 5:39 token recognition error at: 'o'
line 5:40 token recognition error at: '/'
line 5:41 token recognition error at: 'a'
line 5:42 token recognition error at: 'p'
line 5:43 token recognition error at: 'i'
line 5:44 token recognition error at: '/'
line 5:45 token recognition error at: '''
line 5:46 token recognition error at: '\n\n S'
line 7:2 token recognition error at: 'c'
line 7:3 token recognition error at: 'e'
line 7:4 token recognition error at: 'n'
line 7:5 token recognition error at: 'a'
line 7:6 token recognition error at: 'r'
line 7:7 token recognition error at: 'i'
line 7:8 token recognition error at: 'o'
line 7:9 token recognition error at: ':'
line 7:10 token recognition error at: ' C'
line 7:12 token recognition error at: 'r'
line 7:13 token recognition error at: 'e'
line 7:14 token recognition error at: 'a'
line 7:15 token recognition error at: 't'
line 7:16 token recognition error at: 'e'
line 7:17 token recognition error at: ' a'
line 7:19 token recognition error at: ' n'
line 7:21 token recognition error at: 'e'
line 7:22 token recognition error at: 'w'
line 7:23 token recognition error at: ' a'
line 7:25 token recognition error at: 'r'
line 7:26 token recognition error at: 't'
line 7:27 token recognition error at: 'i'
line 7:28 token recognition error at: 'c'
line 7:29 token recognition error at: 'l'
line 7:30 token recognition error at: 'e'
line 7:31 token recognition error at: '\n    G'
line 8:5 token recognition error at: 'i'
line 8:6 token recognition error at: 'v'
line 8:7 token recognition error at: 'e'
line 8:8 token recognition error at: 'n'
line 8:9 token recognition error at: ' p'
line 8:11 token recognition error at: 'a'
line 8:12 token recognition error at: 't'
line 8:13 token recognition error at: 'h'
line 8:14 token recognition error at: ' ''
line 8:16 token recognition error at: 'u'
line 8:17 token recognition error at: 's'
line 8:18 token recognition error at: 'e'
line 8:19 token recognition error at: 'r'
line 8:20 token recognition error at: 's'
line 8:21 token recognition error at: '/'
line 8:22 token recognition error at: 'l'
line 8:23 token recognition error at: 'o'
line 8:24 token recognition error at: 'g'
line 8:25 token recognition error at: 'i'
line 8:26 token recognition error at: 'n'
line 8:27 token recognition error at: '''
line 8:28 token recognition error at: '\n    A'
line 9:5 token recognition error at: 'n'
line 9:6 token recognition error at: 'd'
line 9:7 token recognition error at: ' r'
line 9:9 token recognition error at: 'e'
line 9:10 token recognition error at: 'q'
line 9:11 token recognition error at: 'u'
line 9:12 token recognition error at: 'e'
line 9:13 token recognition error at: 's'
line 9:14 token recognition error at: 't'
line 9:15 token recognition error at: '  {'
line 9:18 token recognition error at: '"'
line 9:19 token recognition error at: 'u'
line 9:20 token recognition error at: 's'
line 9:21 token recognition error at: 'e'
line 9:22 token recognition error at: 'r'
line 9:23 token recognition error at: '"'
line 9:24 token recognition error at: ':'
line 9:25 token recognition error at: ' {'
line 9:27 token recognition error at: '"'
line 9:28 token recognition error at: 'e'
line 9:29 token recognition error at: 'm'
line 9:30 token recognition error at: 'a'
line 9:31 token recognition error at: 'i'
line 9:32 token recognition error at: 'l'
line 9:33 token recognition error at: '"'
line 9:34 token recognition error at: ':'
line 9:35 token recognition error at: ' "'
line 9:37 token recognition error at: 't'
line 9:38 token recognition error at: 'e'
line 9:39 token recognition error at: 's'
line 9:40 token recognition error at: 't'
line 9:41 token recognition error at: 'k'
line 9:42 token recognition error at: 'a'
line 9:43 token recognition error at: 'r'
line 9:44 token recognition error at: 'a'
line 9:45 token recognition error at: 't'
line 9:46 token recognition error at: 'e'
line 9:47 token recognition error at: '1'
line 10:4 token recognition error at: 'W'
line 10:5 token recognition error at: 'h'
line 10:6 token recognition error at: 'e'
line 10:7 token recognition error at: 'n'
line 10:8 token recognition error at: ' m'
line 10:10 token recognition error at: 'e'
line 10:11 token recognition error at: 't'
line 10:12 token recognition error at: 'h'
line 10:13 token recognition error at: 'o'
line 10:14 token recognition error at: 'd'
line 10:15 token recognition error at: ' P'
line 10:17 token recognition error at: 'o'
line 10:18 token recognition error at: 's'
line 10:19 token recognition error at: 't'
line 10:20 token recognition error at: '\n    T'
line 11:5 token recognition error at: 'h'
line 11:6 token recognition error at: 'e'
line 11:7 token recognition error at: 'n'
line 11:8 token recognition error at: ' s'
line 11:10 token recognition error at: 't'
line 11:11 token recognition error at: 'a'
line 11:12 token recognition error at: 't'
line 11:13 token recognition error at: 'u'
line 11:14 token recognition error at: 's'
line 11:15 token recognition error at: ' 2'
line 11:17 token recognition error at: '0'
line 11:18 token recognition error at: '0'
line 11:19 token recognition error at: '\n    *'
line 12:5 token recognition error at: ' d'
line 12:7 token recognition error at: 'e'
line 12:8 token recognition error at: 'f'
line 12:9 token recognition error at: ' t'
line 12:11 token recognition error at: 'o'
line 12:12 token recognition error at: 'k'
line 12:13 token recognition error at: 'e'
line 12:14 token recognition error at: 'n'
line 12:15 token recognition error at: ' ='
line 12:17 token recognition error at: ' r'
line 12:19 token recognition error at: 'e'
line 12:20 token recognition error at: 's'
line 12:21 token recognition error at: 'p'
line 12:22 token recognition error at: 'o'
line 12:23 token recognition error at: 'n'
line 12:24 token recognition error at: 's'
line 12:25 token recognition error at: 'e'
line 12:26 token recognition error at: '.'
line 12:27 token recognition error at: 'u'
line 12:28 token recognition error at: 's'
line 12:29 token recognition error at: 'e'
line 12:30 token recognition error at: 'r'
line 12:31 token recognition error at: '.'
line 12:32 token recognition error at: 't'
line 12:33 token recognition error at: 'o'
line 12:34 token recognition error at: 'k'
line 12:35 token recognition error at: 'e'
line 12:36 token recognition error at: 'n'
line 12:37 token recognition error at: '\n\n    G'
line 14:5 token recognition error at: 'i'
line 14:6 token recognition error at: 'v'
line 14:7 token recognition error at: 'e'
line 14:8 token recognition error at: 'n'
line 14:9 token recognition error at: ' h'
line 14:11 token recognition error at: 'e'
line 14:12 token recognition error at: 'a'
line 14:13 token recognition error at: 'd'
line 14:14 token recognition error at: 'e'
line 14:15 token recognition error at: 'r'
line 14:16 token recognition error at: ' A'
line 14:18 token recognition error at: 'u'
line 14:19 token recognition error at: 't'
line 14:20 token recognition error at: 'h'
line 14:21 token recognition error at: 'o'
line 14:22 token recognition error at: 'r'
line 14:23 token recognition error at: 'i'
line 14:24 token recognition error at: 'z'
line 14:25 token recognition error at: 'a'
line 14:26 token recognition error at: 't'
line 14:27 token recognition error at: 'i'
line 14:28 token recognition error at: 'o'
line 14:29 token recognition error at: 'n'
line 14:30 token recognition error at: ' ='
line 14:32 token recognition error at: ' ''
line 14:34 token recognition error at: 'T'
line 14:35 token recognition error at: 'o'
line 14:36 token recognition error at: 'k'
line 14:37 token recognition error at: 'e'
line 14:38 token recognition error at: 'n'
line 14:39 token recognition error at: ' ''
line 14:41 token recognition error at: ' +'
line 14:43 token recognition error at: ' t'
line 14:45 token recognition error at: 'o'
line 14:46 token recognition error at: 'k'
line 14:47 token recognition error at: 'e'
line 14:48 token recognition error at: 'n'
line 14:49 token recognition error at: '\n    G'
line 15:5 token recognition error at: 'i'
line 15:6 token recognition error at: 'v'
line 15:7 token recognition error at: 'e'
line 15:8 token recognition error at: 'n'
line 15:9 token recognition error at: ' p'
line 15:11 token recognition error at: 'a'
line 15:12 token recognition error at: 't'
line 15:13 token recognition error at: 'h'
line 15:14 token recognition error at: ' ''
line 15:16 token recognition error at: 'a'
line 15:17 token recognition error at: 'r'
line 15:18 token recognition error at: 't'
line 15:19 token recognition error at: 'i'
line 15:20 token recognition error at: 'c'
line 15:21 token recognition error at: 'l'
line 15:22 token recognition error at: 'e'
line 15:23 token recognition error at: 's'
line 15:24 token recognition error at: '''
line 15:25 token recognition error at: '\n    A'
line 16:5 token recognition error at: 'n'
line 16:6 token recognition error at: 'd'
line 16:7 token recognition error at: ' r'
line 16:9 token recognition error at: 'e'
line 16:10 token recognition error at: 'q'
line 16:11 token recognition error at: 'u'
line 16:12 token recognition error at: 'e'
line 16:13 token recognition error at: 's'
line 16:14 token recognition error at: 't'
line 16:15 token recognition error at: ' {'
line 16:17 token recognition error at: '"'
line 16:18 token recognition error at: 'a'
line 16:19 token recognition error at: 'r'
line 16:20 token recognition error at: 't'
line 16:21 token recognition error at: 'i'
line 16:22 token recognition error at: 'c'
line 16:23 token recognition error at: 'l'
line 16:24 token recognition error at: 'e'
line 16:25 token recognition error at: '"'
line 16:26 token recognition error at: ':'
line 16:27 token recognition error at: ' {'
line 16:29 token recognition error at: '"'
line 16:30 token recognition error at: 't'
line 16:31 token recognition error at: 'i'
line 16:32 token recognition error at: 't'
line 16:33 token recognition error at: 'l'
line 16:34 token recognition error at: 'e'
line 16:35 token recognition error at: '"'
line 16:36 token recognition error at: ':'
line 16:37 token recognition error at: ' "'
line 16:39 token recognition error at: 't'
line 16:40 token recognition error at: 'e'
line 16:41 token recognition error at: 's'
line 16:42 token recognition error at: 't'
line 16:43 token recognition error at: '0'
line 16:44 token recognition error at: '.'
line 16:45 token recognition error at: '0'
line 16:46 token recognition error at: '"'
line 16:47 token recognition error at: ','
line 16:48 token recognition error at: '"'
line 16:49 token recognition error at: 'd'
line 16:50 token recognition error at: 'e'
line 16:51 token recognition error at: 's'
line 16:52 token recognition error at: 'c'
line 16:53 token recognition error at: 'r'
line 16:54 token recognition error at: 'i'
line 16:55 token recognition error at: 'p'
line 16:56 token recognition error at: 't'
line 16:57 token recognition error at: 'i'
line 16:58 token recognition error at: 'o'
line 16:59 token recognition error at: 'n'
line 16:60 token recognition error at: '"'
line 16:61 token recognition error at: ':'
line 16:62 token recognition error at: ' "'
line 16:64 token recognition error at: 'd'
line 16:65 token recognition error at: 'e'
line 16:66 token recognition error at: 's'
line 16:67 token recognition error at: 'c'
line 16:68 token recognition error at: 'r'
line 16:69 token recognition error at: 'i'
line 16:70 token recognition error at: 'p'
line 16:71 token recognition error at: 't'
line 16:72 token recognition error at: 'i'
line 16:73 token recognition error at: 'o'
line 16:74 token recognition error at: 'n'
line 16:75 token recognition error at: 'T'
line 16:76 token recognition error at: 'e'
line 16:77 token recognition error at: 's'
line 16:78 token recognition error at: 't'
line 16:79 token recognition error at: '"'
line 16:80 token recognition error at: ','
line 16:81 token recognition error at: '"'
line 16:82 token recognition error at: 'b'
line 16:83 token recognition error at: 'o'
line 16:84 token recognition error at: 'd'
line 16:85 token recognition error at: 'y'
line 16:86 token recognition error at: '"'
line 16:87 token recognition error at: ':'
line 16:88 token recognition error at: ' "'
line 16:90 token recognition error at: 'b'
line 16:91 token recognition error at: 'o'
line 16:92 token recognition error at: 'd'
line 16:93 token recognition error at: 'y'
line 16:94 token recognition error at: 'T'
line 16:95 token recognition error at: 'e'
line 16:96 token recognition error at: 's'
line 16:97 token recognition error at: 't'
line 16:98 token recognition error at: '"'
line 16:99 token recognition error at: ','
line 16:100 token recognition error at: '"'
line 16:101 token recognition error at: 't'
line 16:102 token recognition error at: 'a'
line 16:103 token recognition error at: 'g'
line 16:104 token recognition error at: 'L'
line 16:105 token recognition error at: 'i'
line 16:106 token recognition error at: 's'
line 16:107 token recognition error at: 't'
line 16:108 token recognition error at: '"'
line 16:109 token recognition error at: ':'
line 16:110 token recognition error at: ' ['
line 16:112 token recognition error at: ']'
line 16:113 token recognition error at: '}'
line 16:114 token recognition error at: '}'
line 16:115 token recognition error at: '\n    W'
line 17:5 token recognition error at: 'h'
line 17:6 token recognition error at: 'e'
line 17:7 token recognition error at: 'n'
line 17:8 token recognition error at: ' m'
line 17:10 token recognition error at: 'e'
line 17:11 token recognition error at: 't'
line 17:12 token recognition error at: 'h'
line 17:13 token recognition error at: 'o'
line 17:14 token recognition error at: 'd'
line 17:15 token recognition error at: ' P'
line 17:17 token recognition error at: 'o'
line 17:18 token recognition error at: 's'
line 17:19 token recognition error at: 't'
line 17:20 token recognition error at: '\n    T'
line 18:5 token recognition error at: 'h'
line 18:6 token recognition error at: 'e'
line 18:7 token recognition error at: 'n'
line 18:8 token recognition error at: ' s'
line 18:10 token recognition error at: 't'
line 18:11 token recognition error at: 'a'
line 18:12 token recognition error at: 't'
line 18:13 token recognition error at: 'u'
line 18:14 token recognition error at: 's'
line 18:15 token recognition error at: ' 2'
line 18:17 token recognition error at: '0'
line 18:18 token recognition error at: '0'
line 18:19 missing FEATURE at '<EOF>'
]]></system-err>
  </testcase>
</testsuite>