<?xml version="1.0" encoding="UTF-8"?>
<testsuite xmlns:xsi="http://www.w3.org/2001/XMLSchema-instance" xsi:noNamespaceSchemaLocation="https://maven.apache.org/surefire/maven-surefire-plugin/xsd/surefire-test-report-3.0.xsd" version="3.0" name="conduitApp.ConduitTest" time="6.394" tests="1" errors="0" skipped="0" failures="1">
  <properties>
[...]
</properties>
  <testcase name="testParallel" classname="conduitApp.ConduitTest" time="6.359">
    <failure message="match failed: EQUALS&#10;  $ | not equal | match failed for name: &apos;user&apos; (MAP:MAP)&#10;  {&quot;user&quot;:{&quot;id&quot;:41175,&quot;email&quot;:&quot;hipolito74@test.com&quot;,&quot;username&quot;:&quot;tisha.sporer&quot;,&quot;bio&quot;:null,&quot;image&quot;:&quot;https://api.realworld.io/images/smiley-cyrus.jpeg&quot;,&quot;token&quot;:&quot;eyJhbGciOiJIUzI1NiIsInR5cCI6IkpXVCJ9.eyJ1c2VyIjp7ImlkIjo0MTE3NX0sImlhdCI6MTcyMDcyMDkzMCwiZXhwIjoxNzI1OTA0OTMwfQ.5m3LStoiI7pSZOgSyj6MsXJn9A9fZcISAAe__dd_8fI&quot;}}&#10;  {&quot;user&quot;:{&quot;id&quot;:&quot;41175&quot;,&quot;email&quot;:&quot;hipolito74@test.com&quot;,&quot;username&quot;:&quot;tisha.sporer&quot;,&quot;bio&quot;:null,&quot;image&quot;:&quot; https://api.realworld.io/images/smiley-cyrus.jpeg&quot;,&quot;token&quot;:&quot;#string&quot;}}&#10;&#10;    $.user | not equal | match failed for name: &apos;id&apos; (MAP:MAP)&#10;    {&quot;id&quot;:41175,&quot;email&quot;:&quot;hipolito74@test.com&quot;,&quot;username&quot;:&quot;tisha.sporer&quot;,&quot;bio&quot;:null,&quot;image&quot;:&quot;https://api.realworld.io/images/smiley-cyrus.jpeg&quot;,&quot;token&quot;:&quot;eyJhbGciOiJIUzI1NiIsInR5cCI6IkpXVCJ9.eyJ1c2VyIjp7ImlkIjo0MTE3NX0sImlhdCI6MTcyMDcyMDkzMCwiZXhwIjoxNzI1OTA0OTMwfQ.5m3LStoiI7pSZOgSyj6MsXJn9A9fZcISAAe__dd_8fI&quot;}&#10;    {&quot;id&quot;:&quot;41175&quot;,&quot;email&quot;:&quot;hipolito74@test.com&quot;,&quot;username&quot;:&quot;tisha.sporer&quot;,&quot;bio&quot;:null,&quot;image&quot;:&quot; https://api.realworld.io/images/smiley-cyrus.jpeg&quot;,&quot;token&quot;:&quot;#string&quot;}&#10;&#10;      $.user.id | data types don&apos;t match (NUMBER:STRING)&#10;      41175&#10;      &apos;41175&apos;&#10;&#10;classpath:conduitApp/feature/SignUp.feature:25 ==&gt; expected: &lt;0&gt; but was: &lt;1&gt;" type="org.opentest4j.AssertionFailedError"><![CDATA[org.opentest4j.AssertionFailedError: 
match failed: EQUALS
  $ | not equal | match failed for name: 'user' (MAP:MAP)
  {"user":{"id":41175,"email":"hipolito74@test.com","username":"tisha.sporer","bio":null,"image":"https://api.realworld.io/images/smiley-cyrus.jpeg","token":"eyJhbGciOiJIUzI1NiIsInR5cCI6IkpXVCJ9.eyJ1c2VyIjp7ImlkIjo0MTE3NX0sImlhdCI6MTcyMDcyMDkzMCwiZXhwIjoxNzI1OTA0OTMwfQ.5m3LStoiI7pSZOgSyj6MsXJn9A9fZcISAAe__dd_8fI"}}
  {"user":{"id":"41175","email":"hipolito74@test.com","username":"tisha.sporer","bio":null,"image":" https://api.realworld.io/images/smiley-cyrus.jpeg","token":"#string"}}

    $.user | not equal | match failed for name: 'id' (MAP:MAP)
    {"id":41175,"email":"hipolito74@test.com","username":"tisha.sporer","bio":null,"image":"https://api.realworld.io/images/smiley-cyrus.jpeg","token":"eyJhbGciOiJIUzI1NiIsInR5cCI6IkpXVCJ9.eyJ1c2VyIjp7ImlkIjo0MTE3NX0sImlhdCI6MTcyMDcyMDkzMCwiZXhwIjoxNzI1OTA0OTMwfQ.5m3LStoiI7pSZOgSyj6MsXJn9A9fZcISAAe__dd_8fI"}
    {"id":"41175","email":"hipolito74@test.com","username":"tisha.sporer","bio":null,"image":" https://api.realworld.io/images/smiley-cyrus.jpeg","token":"#string"}

      $.user.id | data types don't match (NUMBER:STRING)
      41175
      '41175'

classpath:conduitApp/feature/SignUp.feature:25 ==> expected: <0> but was: <1>
	at org.junit.jupiter.api.AssertionFailureBuilder.build(AssertionFailureBuilder.java:151)
	at org.junit.jupiter.api.AssertionFailureBuilder.buildAndThrow(AssertionFailureBuilder.java:132)
	at org.junit.jupiter.api.AssertEquals.failNotEqual(AssertEquals.java:197)
	at org.junit.jupiter.api.AssertEquals.assertEquals(AssertEquals.java:150)
	at org.junit.jupiter.api.Assertions.assertEquals(Assertions.java:560)
	at conduitApp.ConduitTest.testParallel(ConduitTest.java:15)
	at java.base/jdk.internal.reflect.DirectMethodHandleAccessor.invoke(DirectMethodHandleAccessor.java:103)
	at java.base/java.lang.reflect.Method.invoke(Method.java:580)
	at org.junit.platform.commons.util.ReflectionUtils.invokeMethod(ReflectionUtils.java:727)
	at org.junit.jupiter.engine.execution.MethodInvocation.proceed(MethodInvocation.java:60)
	at org.junit.jupiter.engine.execution.InvocationInterceptorChain$ValidatingInvocation.proceed(InvocationInterceptorChain.java:131)
	at org.junit.jupiter.engine.extension.TimeoutExtension.intercept(TimeoutExtension.java:156)
	at org.junit.jupiter.engine.extension.TimeoutExtension.interceptTestableMethod(TimeoutExtension.java:147)
	at org.junit.jupiter.engine.extension.TimeoutExtension.interceptTestMethod(TimeoutExtension.java:86)
	at org.junit.jupiter.engine.execution.InterceptingExecutableInvoker$ReflectiveInterceptorCall.lambda$ofVoidMethod$0(InterceptingExecutableInvoker.java:103)
	at org.junit.jupiter.engine.execution.InterceptingExecutableInvoker.lambda$invoke$0(InterceptingExecutableInvoker.java:93)
	at org.junit.jupiter.engine.execution.InvocationInterceptorChain$InterceptedInvocation.proceed(InvocationInterceptorChain.java:106)
	at org.junit.jupiter.engine.execution.InvocationInterceptorChain.proceed(InvocationInterceptorChain.java:64)
	at org.junit.jupiter.engine.execution.InvocationInterceptorChain.chainAndInvoke(InvocationInterceptorChain.java:45)
	at org.junit.jupiter.engine.execution.InvocationInterceptorChain.invoke(InvocationInterceptorChain.java:37)
	at org.junit.jupiter.engine.execution.InterceptingExecutableInvoker.invoke(InterceptingExecutableInvoker.java:92)
	at org.junit.jupiter.engine.execution.InterceptingExecutableInvoker.invoke(InterceptingExecutableInvoker.java:86)
	at org.junit.jupiter.engine.descriptor.TestMethodTestDescriptor.lambda$invokeTestMethod$7(TestMethodTestDescriptor.java:217)
	at org.junit.platform.engine.support.hierarchical.ThrowableCollector.execute(ThrowableCollector.java:73)
	at org.junit.jupiter.engine.descriptor.TestMethodTestDescriptor.invokeTestMethod(TestMethodTestDescriptor.java:213)
	at org.junit.jupiter.engine.descriptor.TestMethodTestDescriptor.execute(TestMethodTestDescriptor.java:138)
	at org.junit.jupiter.engine.descriptor.TestMethodTestDescriptor.execute(TestMethodTestDescriptor.java:68)
	at org.junit.platform.engine.support.hierarchical.NodeTestTask.lambda$executeRecursively$6(NodeTestTask.java:151)
	at org.junit.platform.engine.support.hierarchical.ThrowableCollector.execute(ThrowableCollector.java:73)
	at org.junit.platform.engine.support.hierarchical.NodeTestTask.lambda$executeRecursively$8(NodeTestTask.java:141)
	at org.junit.platform.engine.support.hierarchical.Node.around(Node.java:137)
	at org.junit.platform.engine.support.hierarchical.NodeTestTask.lambda$executeRecursively$9(NodeTestTask.java:139)
	at org.junit.platform.engine.support.hierarchical.ThrowableCollector.execute(ThrowableCollector.java:73)
	at org.junit.platform.engine.support.hierarchical.NodeTestTask.executeRecursively(NodeTestTask.java:138)
	at org.junit.platform.engine.support.hierarchical.NodeTestTask.execute(NodeTestTask.java:95)
	at java.base/java.util.ArrayList.forEach(ArrayList.java:1596)
	at org.junit.platform.engine.support.hierarchical.SameThreadHierarchicalTestExecutorService.invokeAll(SameThreadHierarchicalTestExecutorService.java:41)
	at org.junit.platform.engine.support.hierarchical.NodeTestTask.lambda$executeRecursively$6(NodeTestTask.java:155)
	at org.junit.platform.engine.support.hierarchical.ThrowableCollector.execute(ThrowableCollector.java:73)
	at org.junit.platform.engine.support.hierarchical.NodeTestTask.lambda$executeRecursively$8(NodeTestTask.java:141)
	at org.junit.platform.engine.support.hierarchical.Node.around(Node.java:137)
	at org.junit.platform.engine.support.hierarchical.NodeTestTask.lambda$executeRecursively$9(NodeTestTask.java:139)
	at org.junit.platform.engine.support.hierarchical.ThrowableCollector.execute(ThrowableCollector.java:73)
	at org.junit.platform.engine.support.hierarchical.NodeTestTask.executeRecursively(NodeTestTask.java:138)
	at org.junit.platform.engine.support.hierarchical.NodeTestTask.execute(NodeTestTask.java:95)
	at java.base/java.util.ArrayList.forEach(ArrayList.java:1596)
	at org.junit.platform.engine.support.hierarchical.SameThreadHierarchicalTestExecutorService.invokeAll(SameThreadHierarchicalTestExecutorService.java:41)
	at org.junit.platform.engine.support.hierarchical.NodeTestTask.lambda$executeRecursively$6(NodeTestTask.java:155)
	at org.junit.platform.engine.support.hierarchical.ThrowableCollector.execute(ThrowableCollector.java:73)
	at org.junit.platform.engine.support.hierarchical.NodeTestTask.lambda$executeRecursively$8(NodeTestTask.java:141)
	at org.junit.platform.engine.support.hierarchical.Node.around(Node.java:137)
	at org.junit.platform.engine.support.hierarchical.NodeTestTask.lambda$executeRecursively$9(NodeTestTask.java:139)
	at org.junit.platform.engine.support.hierarchical.ThrowableCollector.execute(ThrowableCollector.java:73)
	at org.junit.platform.engine.support.hierarchical.NodeTestTask.executeRecursively(NodeTestTask.java:138)
	at org.junit.platform.engine.support.hierarchical.NodeTestTask.execute(NodeTestTask.java:95)
	at org.junit.platform.engine.support.hierarchical.SameThreadHierarchicalTestExecutorService.submit(SameThreadHierarchicalTestExecutorService.java:35)
	at org.junit.platform.engine.support.hierarchical.HierarchicalTestExecutor.execute(HierarchicalTestExecutor.java:57)
	at org.junit.platform.engine.support.hierarchical.HierarchicalTestEngine.execute(HierarchicalTestEngine.java:54)
	at org.junit.platform.launcher.core.EngineExecutionOrchestrator.execute(EngineExecutionOrchestrator.java:147)
	at org.junit.platform.launcher.core.EngineExecutionOrchestrator.execute(EngineExecutionOrchestrator.java:127)
	at org.junit.platform.launcher.core.EngineExecutionOrchestrator.execute(EngineExecutionOrchestrator.java:90)
	at org.junit.platform.launcher.core.EngineExecutionOrchestrator.lambda$execute$0(EngineExecutionOrchestrator.java:55)
	at org.junit.platform.launcher.core.EngineExecutionOrchestrator.withInterceptedStreams(EngineExecutionOrchestrator.java:102)
	at org.junit.platform.launcher.core.EngineExecutionOrchestrator.execute(EngineExecutionOrchestrator.java:54)
	at org.junit.platform.launcher.core.DefaultLauncher.execute(DefaultLauncher.java:114)
	at org.junit.platform.launcher.core.DefaultLauncher.execute(DefaultLauncher.java:86)
	at org.junit.platform.launcher.core.DefaultLauncherSession$DelegatingLauncher.execute(DefaultLauncherSession.java:86)
	at org.apache.maven.surefire.junitplatform.LazyLauncher.execute(LazyLauncher.java:50)
	at org.apache.maven.surefire.junitplatform.JUnitPlatformProvider.execute(JUnitPlatformProvider.java:184)
	at org.apache.maven.surefire.junitplatform.JUnitPlatformProvider.invokeAllTests(JUnitPlatformProvider.java:148)
	at org.apache.maven.surefire.junitplatform.JUnitPlatformProvider.invoke(JUnitPlatformProvider.java:122)
	at org.apache.maven.surefire.booter.ForkedBooter.runSuitesInProcess(ForkedBooter.java:385)
	at org.apache.maven.surefire.booter.ForkedBooter.execute(ForkedBooter.java:162)
	at org.apache.maven.surefire.booter.ForkedBooter.run(ForkedBooter.java:507)
	at org.apache.maven.surefire.booter.ForkedBooter.main(ForkedBooter.java:495)
]]></failure>
    <system-out><![CDATA[14:02:06.108 [main] INFO  com.intuit.karate.Runner - using system property 'karate.options': --tags @debug
14:02:07.243 [main] DEBUG com.intuit.karate.Suite - [config] classpath:karate-config.js
14:02:07.247 [main] INFO  com.intuit.karate.Suite - backed up existing 'target\karate-reports' dir to: target\karate-reports_1720720927243
14:02:08.621 [main] INFO  com.intuit.karate - karate.env system property was: null 
14:02:08.639 [main] INFO  com.intuit.karate - >> lock acquired, begin callSingle: classpath:helpers/CreateToken.feature
14:02:09.036 [main] DEBUG com.intuit.karate - request:
1 > POST https://api.realworld.io/api/users/login
1 > Content-Type: application/json; charset=UTF-8
1 > Content-Length: 65
1 > Host: api.realworld.io
1 > Connection: Keep-Alive
1 > User-Agent: Apache-HttpClient/4.5.14 (Java/21.0.1)
1 > Accept-Encoding: gzip,deflate
{"user":{"email":"testkarate1@test.cl","password":"clave123456"}}

14:02:10.011 [main] DEBUG com.intuit.karate - response time in milliseconds: 965
1 < 200
1 < Date: Thu, 11 Jul 2024 18:02:09 GMT
1 < Content-Type: application/json; charset=utf-8
1 < Transfer-Encoding: chunked
1 < Connection: keep-alive
1 < Report-To: {"group":"heroku-nel","max_age":3600,"endpoints":[{"url":"https://nel.heroku.com/reports?ts=1720720929&sid=c46efe9b-d3d2-4a0c-8c76-bfafa16c5add&s=DpKSpmP1HPOJGCsacYLNlfWM%2FiqB5Ie0gdO412CyJbw%3D"}]}
1 < Reporting-Endpoints: heroku-nel=https://nel.heroku.com/reports?ts=1720720929&sid=c46efe9b-d3d2-4a0c-8c76-bfafa16c5add&s=DpKSpmP1HPOJGCsacYLNlfWM%2FiqB5Ie0gdO412CyJbw%3D
1 < Nel: {"report_to":"heroku-nel","max_age":3600,"success_fraction":0.005,"failure_fraction":0.05,"response_headers":["Via"]}
1 < X-Powered-By: Express
1 < Access-Control-Allow-Origin: *
1 < Etag: W/"130-NrWb+OluJ/owdRukPP3raW8GOyI"
1 < Via: 1.1 vegur
1 < CF-Cache-Status: DYNAMIC
1 < Server: cloudflare
1 < CF-RAY: 8a1ab3f14849a796-EZE
1 < alt-svc: h3=":443"; ma=86400
{"user":{"email":"testkarate1@test.cl","username":"karatetest999","bio":null,"image":"https://api.realworld.io/images/smiley-cyrus.jpeg","token":"eyJhbGciOiJIUzI1NiIsInR5cCI6IkpXVCJ9.eyJ1c2VyIjp7ImlkIjozMTgwNn0sImlhdCI6MTcyMDcyMDkyOSwiZXhwIjoxNzI1OTA0OTI5fQ.WIDFs0z1zRM3WJ5jvYyUkAOq2DAVQ0XAaU2BptPV4wk"}}

14:02:10.049 [main] INFO  com.intuit.karate - << lock released, cached callSingle: classpath:helpers/CreateToken.feature
14:02:10.306 [main] DEBUG com.intuit.karate - request:
1 > POST https://api.realworld.io/api/users
1 > Authorization: Token eyJhbGciOiJIUzI1NiIsInR5cCI6IkpXVCJ9.eyJ1c2VyIjp7ImlkIjozMTgwNn0sImlhdCI6MTcyMDcyMDkyOSwiZXhwIjoxNzI1OTA0OTI5fQ.WIDFs0z1zRM3WJ5jvYyUkAOq2DAVQ0XAaU2BptPV4wk
1 > Content-Type: application/json; charset=UTF-8
1 > Content-Length: 89
1 > Host: api.realworld.io
1 > Connection: Keep-Alive
1 > User-Agent: Apache-HttpClient/4.5.14 (Java/21.0.1)
1 > Accept-Encoding: gzip,deflate
{"user":{"email":"hipolito74@test.com","password":"clave7890","username":"tisha.sporer"}}

14:02:10.954 [main] DEBUG com.intuit.karate - response time in milliseconds: 648
1 < 201
1 < Date: Thu, 11 Jul 2024 18:02:10 GMT
1 < Content-Type: application/json; charset=utf-8
1 < Content-Length: 314
1 < Connection: keep-alive
1 < Report-To: {"group":"heroku-nel","max_age":3600,"endpoints":[{"url":"https://nel.heroku.com/reports?ts=1720720930&sid=c46efe9b-d3d2-4a0c-8c76-bfafa16c5add&s=XTVmnAjWOE8zZjCW6Z91Ohnp1Jsw%2Fy51fAUZ4%2BUZnn4%3D"}]}
1 < Reporting-Endpoints: heroku-nel=https://nel.heroku.com/reports?ts=1720720930&sid=c46efe9b-d3d2-4a0c-8c76-bfafa16c5add&s=XTVmnAjWOE8zZjCW6Z91Ohnp1Jsw%2Fy51fAUZ4%2BUZnn4%3D
1 < Nel: {"report_to":"heroku-nel","max_age":3600,"success_fraction":0.005,"failure_fraction":0.05,"response_headers":["Via"]}
1 < X-Powered-By: Express
1 < Access-Control-Allow-Origin: *
1 < Etag: W/"13a-hcB0eAsi9R9jTxxUZN/QHJL6+tA"
1 < Via: 1.1 vegur
1 < CF-Cache-Status: DYNAMIC
1 < Server: cloudflare
1 < CF-RAY: 8a1ab3f7dc3dae84-GRU
1 < alt-svc: h3=":443"; ma=86400
{"user":{"id":41175,"email":"hipolito74@test.com","username":"tisha.sporer","bio":null,"image":"https://api.realworld.io/images/smiley-cyrus.jpeg","token":"eyJhbGciOiJIUzI1NiIsInR5cCI6IkpXVCJ9.eyJ1c2VyIjp7ImlkIjo0MTE3NX0sImlhdCI6MTcyMDcyMDkzMCwiZXhwIjoxNzI1OTA0OTMwfQ.5m3LStoiI7pSZOgSyj6MsXJn9A9fZcISAAe__dd_8fI"}}

14:02:10.976 [main] ERROR com.intuit.karate - classpath:conduitApp/feature/SignUp.feature:25
And match response ==
"""
{
    "user": {
        "id": '41175',
        "email": #(randomEmail),
        "username": #(randomUsername),
        "bio": null,
        "image":" https://api.realworld.io/images/smiley-cyrus.jpeg",
        "token": "#string"
    }
}
"""
match failed: EQUALS
  $ | not equal | match failed for name: 'user' (MAP:MAP)
  {"user":{"id":41175,"email":"hipolito74@test.com","username":"tisha.sporer","bio":null,"image":"https://api.realworld.io/images/smiley-cyrus.jpeg","token":"eyJhbGciOiJIUzI1NiIsInR5cCI6IkpXVCJ9.eyJ1c2VyIjp7ImlkIjo0MTE3NX0sImlhdCI6MTcyMDcyMDkzMCwiZXhwIjoxNzI1OTA0OTMwfQ.5m3LStoiI7pSZOgSyj6MsXJn9A9fZcISAAe__dd_8fI"}}
  {"user":{"id":"41175","email":"hipolito74@test.com","username":"tisha.sporer","bio":null,"image":" https://api.realworld.io/images/smiley-cyrus.jpeg","token":"#string"}}

    $.user | not equal | match failed for name: 'id' (MAP:MAP)
    {"id":41175,"email":"hipolito74@test.com","username":"tisha.sporer","bio":null,"image":"https://api.realworld.io/images/smiley-cyrus.jpeg","token":"eyJhbGciOiJIUzI1NiIsInR5cCI6IkpXVCJ9.eyJ1c2VyIjp7ImlkIjo0MTE3NX0sImlhdCI6MTcyMDcyMDkzMCwiZXhwIjoxNzI1OTA0OTMwfQ.5m3LStoiI7pSZOgSyj6MsXJn9A9fZcISAAe__dd_8fI"}
    {"id":"41175","email":"hipolito74@test.com","username":"tisha.sporer","bio":null,"image":" https://api.realworld.io/images/smiley-cyrus.jpeg","token":"#string"}

      $.user.id | data types don't match (NUMBER:STRING)
      41175
      '41175'

classpath:conduitApp/feature/SignUp.feature:25
---------------------------------------------------------
feature: classpath:conduitApp/feature/SignUp.feature
scenarios:  1 | passed:  0 | failed:  1 | time: 0,8983
---------------------------------------------------------

14:02:11.820 [main] INFO  com.intuit.karate.Suite - <<fail>> feature 3 of 3 (0 remaining) classpath:conduitApp/feature/SignUp.feature
14:02:11.820 [main] DEBUG com.intuit.karate.Suite - waiting for 3 features to complete
Karate version: 1.4.1
======================================================
elapsed:   5,72 | threads:    1 | thread time: 0,90 
features:     1 | skipped:    2 | efficiency: 0,16
scenarios:    1 | passed:     0 | failed: 1
======================================================
>>> failed features:
match failed: EQUALS
  $ | not equal | match failed for name: 'user' (MAP:MAP)
  {"user":{"id":41175,"email":"hipolito74@test.com","username":"tisha.sporer","bio":null,"image":"https://api.realworld.io/images/smiley-cyrus.jpeg","token":"eyJhbGciOiJIUzI1NiIsInR5cCI6IkpXVCJ9.eyJ1c2VyIjp7ImlkIjo0MTE3NX0sImlhdCI6MTcyMDcyMDkzMCwiZXhwIjoxNzI1OTA0OTMwfQ.5m3LStoiI7pSZOgSyj6MsXJn9A9fZcISAAe__dd_8fI"}}
  {"user":{"id":"41175","email":"hipolito74@test.com","username":"tisha.sporer","bio":null,"image":" https://api.realworld.io/images/smiley-cyrus.jpeg","token":"#string"}}

    $.user | not equal | match failed for name: 'id' (MAP:MAP)
    {"id":41175,"email":"hipolito74@test.com","username":"tisha.sporer","bio":null,"image":"https://api.realworld.io/images/smiley-cyrus.jpeg","token":"eyJhbGciOiJIUzI1NiIsInR5cCI6IkpXVCJ9.eyJ1c2VyIjp7ImlkIjo0MTE3NX0sImlhdCI6MTcyMDcyMDkzMCwiZXhwIjoxNzI1OTA0OTMwfQ.5m3LStoiI7pSZOgSyj6MsXJn9A9fZcISAAe__dd_8fI"}
    {"id":"41175","email":"hipolito74@test.com","username":"tisha.sporer","bio":null,"image":" https://api.realworld.io/images/smiley-cyrus.jpeg","token":"#string"}

      $.user.id | data types don't match (NUMBER:STRING)
      41175
      '41175'

classpath:conduitApp/feature/SignUp.feature:25
<<<

HTML report: (paste into browser to view) | Karate version: 1.4.1
file:///C:/Users/hyoga/KarateProject/Estudio/target/karate-reports/karate-summary.html
===================================================================

]]></system-out>
  </testcase>
</testsuite>