<?xml version="1.0" encoding="UTF-8"?>
<testsuite xmlns:xsi="http://www.w3.org/2001/XMLSchema-instance" xsi:noNamespaceSchemaLocation="https://maven.apache.org/surefire/maven-surefire-plugin/xsd/surefire-test-report-3.0.xsd" version="3.0" name="examples.ExamplesTest" time="1.571" tests="1" errors="1" skipped="0" failures="0">
  <properties>
[...]
</properties>
  <testcase name="testParallel" classname="examples.ExamplesTest" time="1.536">
    <error message="missing FEATURE at &apos;&lt;EOF&gt;&apos;" type="java.lang.RuntimeException"><![CDATA[java.lang.RuntimeException: missing FEATURE at '<EOF>'
	at com.intuit.karate.core.FeatureParser.parse(FeatureParser.java:74)
	at com.intuit.karate.core.Feature.read(Feature.java:63)
	at com.intuit.karate.resource.ResourceUtils.findFeatureFiles(ResourceUtils.java:95)
	at com.intuit.karate.Runner$Builder.resolveAll(Runner.java:248)
	at com.intuit.karate.Suite.<init>(Suite.java:177)
	at com.intuit.karate.Runner$Builder.parallel(Runner.java:483)
	at examples.ExamplesTest.testParallel(ExamplesTest.java:14)
	at java.base/jdk.internal.reflect.DirectMethodHandleAccessor.invoke(DirectMethodHandleAccessor.java:103)
	at java.base/java.lang.reflect.Method.invoke(Method.java:580)
	at org.junit.platform.commons.util.ReflectionUtils.invokeMethod(ReflectionUtils.java:727)
	at org.junit.jupiter.engine.execution.MethodInvocation.proceed(MethodInvocation.java:60)
	at org.junit.jupiter.engine.execution.InvocationInterceptorChain$ValidatingInvocation.proceed(InvocationInterceptorChain.java:131)
	at org.junit.jupiter.engine.extension.TimeoutExtension.intercept(TimeoutExtension.java:156)
	at org.junit.jupiter.engine.extension.TimeoutExtension.interceptTestableMethod(TimeoutExtension.java:147)
	at org.junit.jupiter.engine.extension.TimeoutExtension.interceptTestMethod(TimeoutExtension.java:86)
	at org.junit.jupiter.engine.execution.InterceptingExecutableInvoker$ReflectiveInterceptorCall.lambda$ofVoidMethod$0(InterceptingExecutableInvoker.java:103)
	at org.junit.jupiter.engine.execution.InterceptingExecutableInvoker.lambda$invoke$0(InterceptingExecutableInvoker.java:93)
	at org.junit.jupiter.engine.execution.InvocationInterceptorChain$InterceptedInvocation.proceed(InvocationInterceptorChain.java:106)
	at org.junit.jupiter.engine.execution.InvocationInterceptorChain.proceed(InvocationInterceptorChain.java:64)
	at org.junit.jupiter.engine.execution.InvocationInterceptorChain.chainAndInvoke(InvocationInterceptorChain.java:45)
	at org.junit.jupiter.engine.execution.InvocationInterceptorChain.invoke(InvocationInterceptorChain.java:37)
	at org.junit.jupiter.engine.execution.InterceptingExecutableInvoker.invoke(InterceptingExecutableInvoker.java:92)
	at org.junit.jupiter.engine.execution.InterceptingExecutableInvoker.invoke(InterceptingExecutableInvoker.java:86)
	at org.junit.jupiter.engine.descriptor.TestMethodTestDescriptor.lambda$invokeTestMethod$7(TestMethodTestDescriptor.java:217)
	at org.junit.platform.engine.support.hierarchical.ThrowableCollector.execute(ThrowableCollector.java:73)
	at org.junit.jupiter.engine.descriptor.TestMethodTestDescriptor.invokeTestMethod(TestMethodTestDescriptor.java:213)
	at org.junit.jupiter.engine.descriptor.TestMethodTestDescriptor.execute(TestMethodTestDescriptor.java:138)
	at org.junit.jupiter.engine.descriptor.TestMethodTestDescriptor.execute(TestMethodTestDescriptor.java:68)
	at org.junit.platform.engine.support.hierarchical.NodeTestTask.lambda$executeRecursively$6(NodeTestTask.java:151)
	at org.junit.platform.engine.support.hierarchical.ThrowableCollector.execute(ThrowableCollector.java:73)
	at org.junit.platform.engine.support.hierarchical.NodeTestTask.lambda$executeRecursively$8(NodeTestTask.java:141)
	at org.junit.platform.engine.support.hierarchical.Node.around(Node.java:137)
	at org.junit.platform.engine.support.hierarchical.NodeTestTask.lambda$executeRecursively$9(NodeTestTask.java:139)
	at org.junit.platform.engine.support.hierarchical.ThrowableCollector.execute(ThrowableCollector.java:73)
	at org.junit.platform.engine.support.hierarchical.NodeTestTask.executeRecursively(NodeTestTask.java:138)
	at org.junit.platform.engine.support.hierarchical.NodeTestTask.execute(NodeTestTask.java:95)
	at java.base/java.util.ArrayList.forEach(ArrayList.java:1596)
	at org.junit.platform.engine.support.hierarchical.SameThreadHierarchicalTestExecutorService.invokeAll(SameThreadHierarchicalTestExecutorService.java:41)
	at org.junit.platform.engine.support.hierarchical.NodeTestTask.lambda$executeRecursively$6(NodeTestTask.java:155)
	at org.junit.platform.engine.support.hierarchical.ThrowableCollector.execute(ThrowableCollector.java:73)
	at org.junit.platform.engine.support.hierarchical.NodeTestTask.lambda$executeRecursively$8(NodeTestTask.java:141)
	at org.junit.platform.engine.support.hierarchical.Node.around(Node.java:137)
	at org.junit.platform.engine.support.hierarchical.NodeTestTask.lambda$executeRecursively$9(NodeTestTask.java:139)
	at org.junit.platform.engine.support.hierarchical.ThrowableCollector.execute(ThrowableCollector.java:73)
	at org.junit.platform.engine.support.hierarchical.NodeTestTask.executeRecursively(NodeTestTask.java:138)
	at org.junit.platform.engine.support.hierarchical.NodeTestTask.execute(NodeTestTask.java:95)
	at java.base/java.util.ArrayList.forEach(ArrayList.java:1596)
	at org.junit.platform.engine.support.hierarchical.SameThreadHierarchicalTestExecutorService.invokeAll(SameThreadHierarchicalTestExecutorService.java:41)
	at org.junit.platform.engine.support.hierarchical.NodeTestTask.lambda$executeRecursively$6(NodeTestTask.java:155)
	at org.junit.platform.engine.support.hierarchical.ThrowableCollector.execute(ThrowableCollector.java:73)
	at org.junit.platform.engine.support.hierarchical.NodeTestTask.lambda$executeRecursively$8(NodeTestTask.java:141)
	at org.junit.platform.engine.support.hierarchical.Node.around(Node.java:137)
	at org.junit.platform.engine.support.hierarchical.NodeTestTask.lambda$executeRecursively$9(NodeTestTask.java:139)
	at org.junit.platform.engine.support.hierarchical.ThrowableCollector.execute(ThrowableCollector.java:73)
	at org.junit.platform.engine.support.hierarchical.NodeTestTask.executeRecursively(NodeTestTask.java:138)
	at org.junit.platform.engine.support.hierarchical.NodeTestTask.execute(NodeTestTask.java:95)
	at org.junit.platform.engine.support.hierarchical.SameThreadHierarchicalTestExecutorService.submit(SameThreadHierarchicalTestExecutorService.java:35)
	at org.junit.platform.engine.support.hierarchical.HierarchicalTestExecutor.execute(HierarchicalTestExecutor.java:57)
	at org.junit.platform.engine.support.hierarchical.HierarchicalTestEngine.execute(HierarchicalTestEngine.java:54)
	at org.junit.platform.launcher.core.EngineExecutionOrchestrator.execute(EngineExecutionOrchestrator.java:147)
	at org.junit.platform.launcher.core.EngineExecutionOrchestrator.execute(EngineExecutionOrchestrator.java:127)
	at org.junit.platform.launcher.core.EngineExecutionOrchestrator.execute(EngineExecutionOrchestrator.java:90)
	at org.junit.platform.launcher.core.EngineExecutionOrchestrator.lambda$execute$0(EngineExecutionOrchestrator.java:55)
	at org.junit.platform.launcher.core.EngineExecutionOrchestrator.withInterceptedStreams(EngineExecutionOrchestrator.java:102)
	at org.junit.platform.launcher.core.EngineExecutionOrchestrator.execute(EngineExecutionOrchestrator.java:54)
	at org.junit.platform.launcher.core.DefaultLauncher.execute(DefaultLauncher.java:114)
	at org.junit.platform.launcher.core.DefaultLauncher.execute(DefaultLauncher.java:86)
	at org.junit.platform.launcher.core.DefaultLauncherSession$DelegatingLauncher.execute(DefaultLauncherSession.java:86)
	at org.apache.maven.surefire.junitplatform.LazyLauncher.execute(LazyLauncher.java:50)
	at org.apache.maven.surefire.junitplatform.JUnitPlatformProvider.execute(JUnitPlatformProvider.java:184)
	at org.apache.maven.surefire.junitplatform.JUnitPlatformProvider.invokeAllTests(JUnitPlatformProvider.java:148)
	at org.apache.maven.surefire.junitplatform.JUnitPlatformProvider.invoke(JUnitPlatformProvider.java:122)
	at org.apache.maven.surefire.booter.ForkedBooter.runSuitesInProcess(ForkedBooter.java:385)
	at org.apache.maven.surefire.booter.ForkedBooter.execute(ForkedBooter.java:162)
	at org.apache.maven.surefire.booter.ForkedBooter.run(ForkedBooter.java:507)
	at org.apache.maven.surefire.booter.ForkedBooter.main(ForkedBooter.java:495)
]]></error>
    <system-out><![CDATA[15:23:01.022 [main] ERROR c.intuit.karate.core.FeatureParser - not a valid feature file: examples/feature/article.feature - missing FEATURE at '<EOF>'
]]></system-out>
    <system-err><![CDATA[line 1:0 token recognition error at: '\nFeau'
line 2:4 token recognition error at: 't'
line 2:5 token recognition error at: 'u'
line 2:6 token recognition error at: 'r'
line 2:7 token recognition error at: 'e'
line 2:8 token recognition error at: ':'
line 2:9 token recognition error at: ' A'
line 2:11 token recognition error at: 'r'
line 2:12 token recognition error at: 't'
line 2:13 token recognition error at: 'i'
line 2:14 token recognition error at: 'c'
line 2:15 token recognition error at: 'l'
line 2:16 token recognition error at: 'e'
line 2:17 token recognition error at: 's'
line 2:18 token recognition error at: '\n\n B'
line 4:2 token recognition error at: 'a'
line 4:3 token recognition error at: 'c'
line 4:4 token recognition error at: 'k'
line 4:5 token recognition error at: 'g'
line 4:6 token recognition error at: 'r'
line 4:7 token recognition error at: 'o'
line 4:8 token recognition error at: 'u'
line 4:9 token recognition error at: 'n'
line 4:10 token recognition error at: 'd'
line 4:11 token recognition error at: ':'
line 4:12 token recognition error at: ' D'
line 4:14 token recognition error at: 'e'
line 4:15 token recognition error at: 'f'
line 4:16 token recognition error at: 'i'
line 4:17 token recognition error at: 'n'
line 4:18 token recognition error at: 'e'
line 4:19 token recognition error at: ' U'
line 4:21 token recognition error at: 'R'
line 4:22 token recognition error at: 'L'
line 4:23 token recognition error at: '\n     G'
line 5:6 token recognition error at: 'i'
line 5:7 token recognition error at: 'v'
line 5:8 token recognition error at: 'e'
line 5:9 token recognition error at: 'n'
line 5:10 token recognition error at: ' u'
line 5:12 token recognition error at: 'r'
line 5:13 token recognition error at: 'l'
line 5:14 token recognition error at: ' ''
line 5:16 token recognition error at: 'h'
line 5:17 token recognition error at: 't'
line 5:18 token recognition error at: 't'
line 5:19 token recognition error at: 'p'
line 5:20 token recognition error at: 's'
line 5:21 token recognition error at: ':'
line 5:22 token recognition error at: '/'
line 5:23 token recognition error at: '/'
line 5:24 token recognition error at: 'a'
line 5:25 token recognition error at: 'p'
line 5:26 token recognition error at: 'i'
line 5:27 token recognition error at: '.'
line 5:28 token recognition error at: 'r'
line 5:29 token recognition error at: 'e'
line 5:30 token recognition error at: 'a'
line 5:31 token recognition error at: 'l'
line 5:32 token recognition error at: 'w'
line 5:33 token recognition error at: 'o'
line 5:34 token recognition error at: 'r'
line 5:35 token recognition error at: 'l'
line 5:36 token recognition error at: 'd'
line 5:37 token recognition error at: '.'
line 5:38 token recognition error at: 'i'
line 5:39 token recognition error at: 'o'
line 5:40 token recognition error at: '/'
line 5:41 token recognition error at: 'a'
line 5:42 token recognition error at: 'p'
line 5:43 token recognition error at: 'i'
line 5:44 token recognition error at: '/'
line 5:45 token recognition error at: '''
line 5:46 token recognition error at: '\n\n S'
line 7:2 token recognition error at: 'c'
line 7:3 token recognition error at: 'e'
line 7:4 token recognition error at: 'n'
line 7:5 token recognition error at: 'a'
line 7:6 token recognition error at: 'r'
line 7:7 token recognition error at: 'i'
line 7:8 token recognition error at: 'o'
line 7:9 token recognition error at: ':'
line 7:10 token recognition error at: ' C'
line 7:12 token recognition error at: 'r'
line 7:13 token recognition error at: 'e'
line 7:14 token recognition error at: 'a'
line 7:15 token recognition error at: 't'
line 7:16 token recognition error at: 'e'
line 7:17 token recognition error at: ' a'
line 7:19 token recognition error at: ' n'
line 7:21 token recognition error at: 'e'
line 7:22 token recognition error at: 'w'
line 7:23 token recognition error at: ' a'
line 7:25 token recognition error at: 'r'
line 7:26 token recognition error at: 't'
line 7:27 token recognition error at: 'i'
line 7:28 token recognition error at: 'c'
line 7:29 token recognition error at: 'l'
line 7:30 token recognition error at: 'e'
line 7:31 token recognition error at: '\n    G'
line 8:5 token recognition error at: 'i'
line 8:6 token recognition error at: 'v'
line 8:7 token recognition error at: 'e'
line 8:8 token recognition error at: 'n'
line 8:9 token recognition error at: ' p'
line 8:11 token recognition error at: 'a'
line 8:12 token recognition error at: 't'
line 8:13 token recognition error at: 'h'
line 8:14 token recognition error at: ' ''
line 8:16 token recognition error at: 'u'
line 8:17 token recognition error at: 's'
line 8:18 token recognition error at: 'e'
line 8:19 token recognition error at: 'r'
line 8:20 token recognition error at: 's'
line 8:21 token recognition error at: '/'
line 8:22 token recognition error at: 'l'
line 8:23 token recognition error at: 'o'
line 8:24 token recognition error at: 'g'
line 8:25 token recognition error at: 'i'
line 8:26 token recognition error at: 'n'
line 8:27 token recognition error at: '''
line 8:28 token recognition error at: '\n    A'
line 9:5 token recognition error at: 'n'
line 9:6 token recognition error at: 'd'
line 9:7 token recognition error at: ' r'
line 9:9 token recognition error at: 'e'
line 9:10 token recognition error at: 'q'
line 9:11 token recognition error at: 'u'
line 9:12 token recognition error at: 'e'
line 9:13 token recognition error at: 's'
line 9:14 token recognition error at: 't'
line 9:15 token recognition error at: '  {'
line 9:18 token recognition error at: '"'
line 9:19 token recognition error at: 'u'
line 9:20 token recognition error at: 's'
line 9:21 token recognition error at: 'e'
line 9:22 token recognition error at: 'r'
line 9:23 token recognition error at: '"'
line 9:24 token recognition error at: ':'
line 9:25 token recognition error at: ' {'
line 9:27 token recognition error at: '"'
line 9:28 token recognition error at: 'e'
line 9:29 token recognition error at: 'm'
line 9:30 token recognition error at: 'a'
line 9:31 token recognition error at: 'i'
line 9:32 token recognition error at: 'l'
line 9:33 token recognition error at: '"'
line 9:34 token recognition error at: ':'
line 9:35 token recognition error at: ' "'
line 9:37 token recognition error at: 't'
line 9:38 token recognition error at: 'e'
line 9:39 token recognition error at: 's'
line 9:40 token recognition error at: 't'
line 9:41 token recognition error at: 'k'
line 9:42 token recognition error at: 'a'
line 9:43 token recognition error at: 'r'
line 9:44 token recognition error at: 'a'
line 9:45 token recognition error at: 't'
line 9:46 token recognition error at: 'e'
line 9:47 token recognition error at: '1'
line 10:4 token recognition error at: 'W'
line 10:5 token recognition error at: 'h'
line 10:6 token recognition error at: 'e'
line 10:7 token recognition error at: 'n'
line 10:8 token recognition error at: ' m'
line 10:10 token recognition error at: 'e'
line 10:11 token recognition error at: 't'
line 10:12 token recognition error at: 'h'
line 10:13 token recognition error at: 'o'
line 10:14 token recognition error at: 'd'
line 10:15 token recognition error at: ' P'
line 10:17 token recognition error at: 'o'
line 10:18 token recognition error at: 's'
line 10:19 token recognition error at: 't'
line 10:20 token recognition error at: '\n    T'
line 11:5 token recognition error at: 'h'
line 11:6 token recognition error at: 'e'
line 11:7 token recognition error at: 'n'
line 11:8 token recognition error at: ' s'
line 11:10 token recognition error at: 't'
line 11:11 token recognition error at: 'a'
line 11:12 token recognition error at: 't'
line 11:13 token recognition error at: 'u'
line 11:14 token recognition error at: 's'
line 11:15 token recognition error at: ' 2'
line 11:17 token recognition error at: '0'
line 11:18 token recognition error at: '0'
line 11:19 token recognition error at: '\n    *'
line 12:5 token recognition error at: ' d'
line 12:7 token recognition error at: 'e'
line 12:8 token recognition error at: 'f'
line 12:9 token recognition error at: ' t'
line 12:11 token recognition error at: 'o'
line 12:12 token recognition error at: 'k'
line 12:13 token recognition error at: 'e'
line 12:14 token recognition error at: 'n'
line 12:15 token recognition error at: ' ='
line 12:17 token recognition error at: ' r'
line 12:19 token recognition error at: 'e'
line 12:20 token recognition error at: 's'
line 12:21 token recognition error at: 'p'
line 12:22 token recognition error at: 'o'
line 12:23 token recognition error at: 'n'
line 12:24 token recognition error at: 's'
line 12:25 token recognition error at: 'e'
line 12:26 token recognition error at: '.'
line 12:27 token recognition error at: 'u'
line 12:28 token recognition error at: 's'
line 12:29 token recognition error at: 'e'
line 12:30 token recognition error at: 'r'
line 12:31 token recognition error at: '.'
line 12:32 token recognition error at: 't'
line 12:33 token recognition error at: 'o'
line 12:34 token recognition error at: 'k'
line 12:35 token recognition error at: 'e'
line 12:36 token recognition error at: 'n'
line 12:37 token recognition error at: '\n\n    G'
line 14:5 token recognition error at: 'i'
line 14:6 token recognition error at: 'v'
line 14:7 token recognition error at: 'e'
line 14:8 token recognition error at: 'n'
line 14:9 token recognition error at: ' h'
line 14:11 token recognition error at: 'e'
line 14:12 token recognition error at: 'a'
line 14:13 token recognition error at: 'd'
line 14:14 token recognition error at: 'e'
line 14:15 token recognition error at: 'r'
line 14:16 token recognition error at: ' A'
line 14:18 token recognition error at: 'u'
line 14:19 token recognition error at: 't'
line 14:20 token recognition error at: 'h'
line 14:21 token recognition error at: 'o'
line 14:22 token recognition error at: 'r'
line 14:23 token recognition error at: 'i'
line 14:24 token recognition error at: 'z'
line 14:25 token recognition error at: 'a'
line 14:26 token recognition error at: 't'
line 14:27 token recognition error at: 'i'
line 14:28 token recognition error at: 'o'
line 14:29 token recognition error at: 'n'
line 14:30 token recognition error at: ' ='
line 14:32 token recognition error at: ' ''
line 14:34 token recognition error at: 'T'
line 14:35 token recognition error at: 'o'
line 14:36 token recognition error at: 'k'
line 14:37 token recognition error at: 'e'
line 14:38 token recognition error at: 'n'
line 14:39 token recognition error at: ' ''
line 14:41 token recognition error at: ' +'
line 14:43 token recognition error at: ' t'
line 14:45 token recognition error at: 'o'
line 14:46 token recognition error at: 'k'
line 14:47 token recognition error at: 'e'
line 14:48 token recognition error at: 'n'
line 14:49 token recognition error at: '\n    G'
line 15:5 token recognition error at: 'i'
line 15:6 token recognition error at: 'v'
line 15:7 token recognition error at: 'e'
line 15:8 token recognition error at: 'n'
line 15:9 token recognition error at: ' p'
line 15:11 token recognition error at: 'a'
line 15:12 token recognition error at: 't'
line 15:13 token recognition error at: 'h'
line 15:14 token recognition error at: ' ''
line 15:16 token recognition error at: 'a'
line 15:17 token recognition error at: 'r'
line 15:18 token recognition error at: 't'
line 15:19 token recognition error at: 'i'
line 15:20 token recognition error at: 'c'
line 15:21 token recognition error at: 'l'
line 15:22 token recognition error at: 'e'
line 15:23 token recognition error at: 's'
line 15:24 token recognition error at: '''
line 15:25 token recognition error at: '\n    A'
line 16:5 token recognition error at: 'n'
line 16:6 token recognition error at: 'd'
line 16:7 token recognition error at: ' r'
line 16:9 token recognition error at: 'e'
line 16:10 token recognition error at: 'q'
line 16:11 token recognition error at: 'u'
line 16:12 token recognition error at: 'e'
line 16:13 token recognition error at: 's'
line 16:14 token recognition error at: 't'
line 16:15 token recognition error at: ' {'
line 16:17 token recognition error at: '"'
line 16:18 token recognition error at: 'a'
line 16:19 token recognition error at: 'r'
line 16:20 token recognition error at: 't'
line 16:21 token recognition error at: 'i'
line 16:22 token recognition error at: 'c'
line 16:23 token recognition error at: 'l'
line 16:24 token recognition error at: 'e'
line 16:25 token recognition error at: '"'
line 16:26 token recognition error at: ':'
line 16:27 token recognition error at: ' {'
line 16:29 token recognition error at: '"'
line 16:30 token recognition error at: 't'
line 16:31 token recognition error at: 'i'
line 16:32 token recognition error at: 't'
line 16:33 token recognition error at: 'l'
line 16:34 token recognition error at: 'e'
line 16:35 token recognition error at: '"'
line 16:36 token recognition error at: ':'
line 16:37 token recognition error at: ' "'
line 16:39 token recognition error at: 't'
line 16:40 token recognition error at: 'e'
line 16:41 token recognition error at: 's'
line 16:42 token recognition error at: 't'
line 16:43 token recognition error at: '0'
line 16:44 token recognition error at: '.'
line 16:45 token recognition error at: '0'
line 16:46 token recognition error at: '"'
line 16:47 token recognition error at: ','
line 16:48 token recognition error at: '"'
line 16:49 token recognition error at: 'd'
line 16:50 token recognition error at: 'e'
line 16:51 token recognition error at: 's'
line 16:52 token recognition error at: 'c'
line 16:53 token recognition error at: 'r'
line 16:54 token recognition error at: 'i'
line 16:55 token recognition error at: 'p'
line 16:56 token recognition error at: 't'
line 16:57 token recognition error at: 'i'
line 16:58 token recognition error at: 'o'
line 16:59 token recognition error at: 'n'
line 16:60 token recognition error at: '"'
line 16:61 token recognition error at: ':'
line 16:62 token recognition error at: ' "'
line 16:64 token recognition error at: 'd'
line 16:65 token recognition error at: 'e'
line 16:66 token recognition error at: 's'
line 16:67 token recognition error at: 'c'
line 16:68 token recognition error at: 'r'
line 16:69 token recognition error at: 'i'
line 16:70 token recognition error at: 'p'
line 16:71 token recognition error at: 't'
line 16:72 token recognition error at: 'i'
line 16:73 token recognition error at: 'o'
line 16:74 token recognition error at: 'n'
line 16:75 token recognition error at: 'T'
line 16:76 token recognition error at: 'e'
line 16:77 token recognition error at: 's'
line 16:78 token recognition error at: 't'
line 16:79 token recognition error at: '"'
line 16:80 token recognition error at: ','
line 16:81 token recognition error at: '"'
line 16:82 token recognition error at: 'b'
line 16:83 token recognition error at: 'o'
line 16:84 token recognition error at: 'd'
line 16:85 token recognition error at: 'y'
line 16:86 token recognition error at: '"'
line 16:87 token recognition error at: ':'
line 16:88 token recognition error at: ' "'
line 16:90 token recognition error at: 'b'
line 16:91 token recognition error at: 'o'
line 16:92 token recognition error at: 'd'
line 16:93 token recognition error at: 'y'
line 16:94 token recognition error at: 'T'
line 16:95 token recognition error at: 'e'
line 16:96 token recognition error at: 's'
line 16:97 token recognition error at: 't'
line 16:98 token recognition error at: '"'
line 16:99 token recognition error at: ','
line 16:100 token recognition error at: '"'
line 16:101 token recognition error at: 't'
line 16:102 token recognition error at: 'a'
line 16:103 token recognition error at: 'g'
line 16:104 token recognition error at: 'L'
line 16:105 token recognition error at: 'i'
line 16:106 token recognition error at: 's'
line 16:107 token recognition error at: 't'
line 16:108 token recognition error at: '"'
line 16:109 token recognition error at: ':'
line 16:110 token recognition error at: ' ['
line 16:112 token recognition error at: ']'
line 16:113 token recognition error at: '}'
line 16:114 token recognition error at: '}'
line 16:115 token recognition error at: '\n    W'
line 17:5 token recognition error at: 'h'
line 17:6 token recognition error at: 'e'
line 17:7 token recognition error at: 'n'
line 17:8 token recognition error at: ' m'
line 17:10 token recognition error at: 'e'
line 17:11 token recognition error at: 't'
line 17:12 token recognition error at: 'h'
line 17:13 token recognition error at: 'o'
line 17:14 token recognition error at: 'd'
line 17:15 token recognition error at: ' P'
line 17:17 token recognition error at: 'o'
line 17:18 token recognition error at: 's'
line 17:19 token recognition error at: 't'
line 17:20 token recognition error at: '\n    T'
line 18:5 token recognition error at: 'h'
line 18:6 token recognition error at: 'e'
line 18:7 token recognition error at: 'n'
line 18:8 token recognition error at: ' s'
line 18:10 token recognition error at: 't'
line 18:11 token recognition error at: 'a'
line 18:12 token recognition error at: 't'
line 18:13 token recognition error at: 'u'
line 18:14 token recognition error at: 's'
line 18:15 token recognition error at: ' 2'
line 18:17 token recognition error at: '0'
line 18:18 token recognition error at: '0'
line 18:19 missing FEATURE at '<EOF>'
]]></system-err>
  </testcase>
</testsuite>