<?xml version="1.0" encoding="UTF-8"?>
<testsuite xmlns:xsi="http://www.w3.org/2001/XMLSchema-instance" xsi:noNamespaceSchemaLocation="https://maven.apache.org/surefire/maven-surefire-plugin/xsd/surefire-test-report-3.0.xsd" version="3.0" name="conduitApp.ConduitTest" time="7.29" tests="1" errors="0" skipped="0" failures="0">
  <properties>
[...]
</properties>
  <testcase name="testParallel" classname="conduitApp.ConduitTest" time="7.259">
    <system-out><![CDATA[22:53:37.159 [main] INFO  com.intuit.karate.Runner - using system property 'karate.options': --tags @debug
22:53:38.328 [main] DEBUG com.intuit.karate.Suite - [config] classpath:karate-config.js
22:53:38.335 [main] INFO  com.intuit.karate.Suite - backed up existing 'target\karate-reports' dir to: target\karate-reports_1720580018329
22:53:39.764 [main] INFO  com.intuit.karate - karate.env system property was: null 
22:53:39.781 [main] INFO  com.intuit.karate - >> lock acquired, begin callSingle: classpath:helpers/CreateToken.feature
22:53:40.270 [main] DEBUG com.intuit.karate - request:
1 > POST https://api.realworld.io/api/users/login
1 > Content-Type: application/json; charset=UTF-8
1 > Content-Length: 65
1 > Host: api.realworld.io
1 > Connection: Keep-Alive
1 > User-Agent: Apache-HttpClient/4.5.14 (Java/21.0.1)
1 > Accept-Encoding: gzip,deflate
{"user":{"email":"testkarate1@test.cl","password":"clave123456"}}

22:53:41.207 [main] DEBUG com.intuit.karate - response time in milliseconds: 923
1 < 200
1 < Date: Wed, 10 Jul 2024 02:53:41 GMT
1 < Content-Type: application/json; charset=utf-8
1 < Transfer-Encoding: chunked
1 < Connection: keep-alive
1 < Report-To: {"group":"heroku-nel","max_age":3600,"endpoints":[{"url":"https://nel.heroku.com/reports?ts=1720580021&sid=c46efe9b-d3d2-4a0c-8c76-bfafa16c5add&s=lRk9C9TUCBBYoMzItg6ESfB4irrGuZy2PeBTFrhwKx0%3D"}]}
1 < Reporting-Endpoints: heroku-nel=https://nel.heroku.com/reports?ts=1720580021&sid=c46efe9b-d3d2-4a0c-8c76-bfafa16c5add&s=lRk9C9TUCBBYoMzItg6ESfB4irrGuZy2PeBTFrhwKx0%3D
1 < Nel: {"report_to":"heroku-nel","max_age":3600,"success_fraction":0.005,"failure_fraction":0.05,"response_headers":["Via"]}
1 < X-Powered-By: Express
1 < Access-Control-Allow-Origin: *
1 < Etag: W/"130-SKkdT/c/2vNAzBQI6EGsf9s0VbU"
1 < Via: 1.1 vegur
1 < CF-Cache-Status: DYNAMIC
1 < Server: cloudflare
1 < CF-RAY: 8a0d43cccc96a539-MIA
1 < alt-svc: h3=":443"; ma=86400
{"user":{"email":"testkarate1@test.cl","username":"karatetest999","bio":null,"image":"https://api.realworld.io/images/smiley-cyrus.jpeg","token":"eyJhbGciOiJIUzI1NiIsInR5cCI6IkpXVCJ9.eyJ1c2VyIjp7ImlkIjozMTgwNn0sImlhdCI6MTcyMDU4MDAyMSwiZXhwIjoxNzI1NzY0MDIxfQ.MrmRRPu0AzNUR26V8LacItYa60ruw8wLKG1yOTcbjWI"}}

22:53:41.232 [main] INFO  com.intuit.karate - << lock released, cached callSingle: classpath:helpers/CreateToken.feature
22:53:41.245 [main] DEBUG com.intuit.karate - request:
1 > GET https://api.realworld.io/api/tags
1 > Authorization: Token eyJhbGciOiJIUzI1NiIsInR5cCI6IkpXVCJ9.eyJ1c2VyIjp7ImlkIjozMTgwNn0sImlhdCI6MTcyMDU4MDAyMSwiZXhwIjoxNzI1NzY0MDIxfQ.MrmRRPu0AzNUR26V8LacItYa60ruw8wLKG1yOTcbjWI
1 > Host: api.realworld.io
1 > Connection: Keep-Alive
1 > User-Agent: Apache-HttpClient/4.5.14 (Java/21.0.1)
1 > Accept-Encoding: gzip,deflate


22:53:41.884 [main] DEBUG com.intuit.karate - response time in milliseconds: 638
1 < 200
1 < Date: Wed, 10 Jul 2024 02:53:42 GMT
1 < Content-Type: application/json; charset=utf-8
1 < Transfer-Encoding: chunked
1 < Connection: keep-alive
1 < Report-To: {"group":"heroku-nel","max_age":3600,"endpoints":[{"url":"https://nel.heroku.com/reports?ts=1720580022&sid=c46efe9b-d3d2-4a0c-8c76-bfafa16c5add&s=tur40LN%2FRT35LZDglQ%2BZltaQoGViu%2F42i1XDyFF%2BRr4%3D"}]}
1 < Reporting-Endpoints: heroku-nel=https://nel.heroku.com/reports?ts=1720580022&sid=c46efe9b-d3d2-4a0c-8c76-bfafa16c5add&s=tur40LN%2FRT35LZDglQ%2BZltaQoGViu%2F42i1XDyFF%2BRr4%3D
1 < Nel: {"report_to":"heroku-nel","max_age":3600,"success_fraction":0.005,"failure_fraction":0.05,"response_headers":["Via"]}
1 < X-Powered-By: Express
1 < Access-Control-Allow-Origin: *
1 < Etag: W/"6a-7kiDiWNe73AejEoYN1jtIF762vo"
1 < Via: 1.1 vegur
1 < CF-Cache-Status: DYNAMIC
1 < Server: cloudflare
1 < CF-RAY: 8a0d43cfbcf91eb6-EZE
1 < alt-svc: h3=":443"; ma=86400
{"tags":["eos","est","ipsum","enim","repellat","exercitationem","quia","consequatur","facilis","tenetur"]}

22:53:41.929 [main] INFO  com.intuit.karate - karate.env system property was: null 
22:53:41.937 [main] DEBUG com.intuit.karate - request:
1 > GET https://api.realworld.io/api/articles?offset=0&limit=10
1 > Authorization: Token eyJhbGciOiJIUzI1NiIsInR5cCI6IkpXVCJ9.eyJ1c2VyIjp7ImlkIjozMTgwNn0sImlhdCI6MTcyMDU4MDAyMSwiZXhwIjoxNzI1NzY0MDIxfQ.MrmRRPu0AzNUR26V8LacItYa60ruw8wLKG1yOTcbjWI
1 > Host: api.realworld.io
1 > Connection: Keep-Alive
1 > User-Agent: Apache-HttpClient/4.5.14 (Java/21.0.1)
1 > Accept-Encoding: gzip,deflate


22:53:42.567 [main] DEBUG com.intuit.karate - response time in milliseconds: 628
1 < 200
1 < Date: Wed, 10 Jul 2024 02:53:42 GMT
1 < Content-Type: application/json; charset=utf-8
1 < Transfer-Encoding: chunked
1 < Connection: keep-alive
1 < Report-To: {"group":"heroku-nel","max_age":3600,"endpoints":[{"url":"https://nel.heroku.com/reports?ts=1720580022&sid=c46efe9b-d3d2-4a0c-8c76-bfafa16c5add&s=tur40LN%2FRT35LZDglQ%2BZltaQoGViu%2F42i1XDyFF%2BRr4%3D"}]}
1 < Reporting-Endpoints: heroku-nel=https://nel.heroku.com/reports?ts=1720580022&sid=c46efe9b-d3d2-4a0c-8c76-bfafa16c5add&s=tur40LN%2FRT35LZDglQ%2BZltaQoGViu%2F42i1XDyFF%2BRr4%3D
1 < Nel: {"report_to":"heroku-nel","max_age":3600,"success_fraction":0.005,"failure_fraction":0.05,"response_headers":["Via"]}
1 < X-Powered-By: Express
1 < Access-Control-Allow-Origin: *
1 < Etag: W/"d68-8aoUs6pz6lgcrI+HcWztzq44r2o"
1 < Via: 1.1 vegur
1 < CF-Cache-Status: DYNAMIC
1 < Server: cloudflare
1 < CF-RAY: 8a0d43d5691a497a-MIA
1 < alt-svc: h3=":443"; ma=86400
{"articles":[{"slug":"bye11234-31806","title":"bye11234","description":"agwqsa","body":"wqrtegds","tagList":[],"createdAt":"2024-07-09T18:30:55.065Z","updatedAt":"2024-07-09T18:30:55.065Z","favorited":false,"favoritesCount":0,"author":{"username":"karatetest999","bio":null,"image":"https://api.realworld.io/images/smiley-cyrus.jpeg","following":false}},{"slug":"bye1123-31806","title":"bye1123","description":"agwqsa","body":"wqrtegds","tagList":[],"createdAt":"2024-07-09T18:26:41.553Z","updatedAt":"2024-07-09T18:26:41.553Z","favorited":false,"favoritesCount":0,"author":{"username":"karatetest999","bio":null,"image":"https://api.realworld.io/images/smiley-cyrus.jpeg","following":false}},{"slug":"bye112-31806","title":"bye112","description":"agwqsa","body":"wqrtegds","tagList":[],"createdAt":"2024-07-09T18:12:31.943Z","updatedAt":"2024-07-09T18:12:31.943Z","favorited":false,"favoritesCount":0,"author":{"username":"karatetest999","bio":null,"image":"https://api.realworld.io/images/smiley-cyrus.jpeg","following":false}},{"slug":"hola-31806","title":"hola","description":"agwqsa","body":"wqrtegds","tagList":[],"createdAt":"2024-07-09T02:48:58.667Z","updatedAt":"2024-07-09T02:48:58.667Z","favorited":false,"favoritesCount":0,"author":{"username":"karatetest999","bio":null,"image":"https://api.realworld.io/images/smiley-cyrus.jpeg","following":false}},{"slug":"test0.0-31806","title":"test0.0","description":"agwqsa","body":"wqrtegds","tagList":[],"createdAt":"2024-07-09T02:38:27.192Z","updatedAt":"2024-07-09T02:38:27.192Z","favorited":false,"favoritesCount":0,"author":{"username":"karatetest999","bio":null,"image":"https://api.realworld.io/images/smiley-cyrus.jpeg","following":false}},{"slug":"test0.0445-31806","title":"test0.0445","description":"agwqsa","body":"wqrtegds","tagList":[],"createdAt":"2024-07-09T02:35:58.587Z","updatedAt":"2024-07-09T02:35:58.587Z","favorited":false,"favoritesCount":0,"author":{"username":"karatetest999","bio":null,"image":"https://api.realworld.io/images/smiley-cyrus.jpeg","following":false}},{"slug":"test0.044-31806","title":"test0.044","description":"agwqsa","body":"wqrtegds","tagList":[],"createdAt":"2024-07-09T02:30:18.659Z","updatedAt":"2024-07-09T02:30:18.659Z","favorited":false,"favoritesCount":0,"author":{"username":"karatetest999","bio":null,"image":"https://api.realworld.io/images/smiley-cyrus.jpeg","following":false}},{"slug":"test0.04-31806","title":"test0.04","description":"agwqsa","body":"wqrtegds","tagList":[],"createdAt":"2024-07-09T02:27:30.853Z","updatedAt":"2024-07-09T02:27:30.853Z","favorited":false,"favoritesCount":0,"author":{"username":"karatetest999","bio":null,"image":"https://api.realworld.io/images/smiley-cyrus.jpeg","following":false}},{"slug":"test0.02-31806","title":"test0.02","description":"agwqsa","body":"wqrtegds","tagList":[],"createdAt":"2024-07-09T02:24:22.586Z","updatedAt":"2024-07-09T02:24:22.586Z","favorited":false,"favoritesCount":0,"author":{"username":"karatetest999","bio":null,"image":"https://api.realworld.io/images/smiley-cyrus.jpeg","following":false}},{"slug":"test0.1-31806","title":"test0.1","description":"agwqsa","body":"wqrtegds","tagList":[],"createdAt":"2024-07-09T01:40:11.949Z","updatedAt":"2024-07-09T01:40:11.949Z","favorited":false,"favoritesCount":0,"author":{"username":"karatetest999","bio":null,"image":"https://api.realworld.io/images/smiley-cyrus.jpeg","following":false}}],"articlesCount":264}

---------------------------------------------------------
feature: classpath:conduitApp/feature/HomePage.feature
scenarios:  2 | passed:  2 | failed:  0 | time: 1,3653
---------------------------------------------------------

22:53:43.668 [main] INFO  com.intuit.karate.Suite - <<pass>> feature 2 of 3 (0 remaining) classpath:conduitApp/feature/HomePage.feature
22:53:43.669 [main] DEBUG com.intuit.karate.Suite - waiting for 3 features to complete
Karate version: 1.4.1
======================================================
elapsed:   6,52 | threads:    1 | thread time: 1,37 
features:     1 | skipped:    2 | efficiency: 0,21
scenarios:    2 | passed:     2 | failed: 0
======================================================

HTML report: (paste into browser to view) | Karate version: 1.4.1
file:///C:/Users/hyoga/KarateProject/Estudio/target/karate-reports/karate-summary.html
===================================================================

]]></system-out>
  </testcase>
</testsuite>